[    0.000000] Initializing cgroup subsys cpuset
[    0.000000] Initializing cgroup subsys cpu
[    0.000000] Initializing cgroup subsys cpuacct
[    0.000000] Linux version 4.4.0-210-generic (buildd@lgw01-amd64-009) (gcc version 5.4.0 20160609 (Ubuntu 5.4.0-6ubuntu1~16.04.12) ) #242-Ubuntu SMP Fri Apr 16 09:57:56 UTC 2021 (Ubuntu 4.4.0-210.242-generic 4.4.262)
[    0.000000] Command line: BOOT_IMAGE=/boot/vmlinuz-4.4.0-210-generic root=LABEL=cloudimg-rootfs ro console=tty1 console=ttyS0
[    0.000000] KERNEL supported cpus:
[    0.000000]   Intel GenuineIntel
[    0.000000]   AMD AuthenticAMD
[    0.000000]   Centaur CentaurHauls
[    0.000000] x86/fpu: Legacy x87 FPU detected.
[    0.000000] e820: BIOS-provided physical RAM map:
[    0.000000] BIOS-e820: [mem 0x0000000000000000-0x000000000009fbff] usable
[    0.000000] BIOS-e820: [mem 0x000000000009fc00-0x000000000009ffff] reserved
[    0.000000] BIOS-e820: [mem 0x00000000000f0000-0x00000000000fffff] reserved
[    0.000000] BIOS-e820: [mem 0x0000000000100000-0x000000003ffeffff] usable
[    0.000000] BIOS-e820: [mem 0x000000003fff0000-0x000000003fffffff] ACPI data
[    0.000000] BIOS-e820: [mem 0x00000000fec00000-0x00000000fec00fff] reserved
[    0.000000] BIOS-e820: [mem 0x00000000fee00000-0x00000000fee00fff] reserved
[    0.000000] BIOS-e820: [mem 0x00000000fffc0000-0x00000000ffffffff] reserved
[    0.000000] NX (Execute Disable) protection: active
[    0.000000] SMBIOS 2.5 present.
[    0.000000] Hypervisor detected: KVM
[    0.000000] Kernel/User page tables isolation: disabled
[    0.000000] e820: last_pfn = 0x3fff0 max_arch_pfn = 0x400000000
[    0.000000] MTRR: Disabled
[    0.000000] x86/PAT: MTRRs disabled, skipping PAT initialization too.
[    0.000000] CPU MTRRs all blank - virtualized system.
[    0.000000] x86/PAT: Configuration [0-7]: WB  WT  UC- UC  WB  WT  UC- UC  
[    0.000000] found SMP MP-table at [mem 0x0009fff0-0x0009ffff] mapped at [ffff88000009fff0]
[    0.000000] Scanning 1 areas for low memory corruption
[    0.000000] RAMDISK: [mem 0x362dc000-0x37165fff]
[    0.000000] ACPI: Early table checksum verification disabled
[    0.000000] ACPI: RSDP 0x00000000000E0000 000024 (v02 VBOX  )
[    0.000000] ACPI: XSDT 0x000000003FFF0030 00003C (v01 VBOX   VBOXXSDT 00000001 ASL  00000061)
[    0.000000] ACPI: FACP 0x000000003FFF00F0 0000F4 (v04 VBOX   VBOXFACP 00000001 ASL  00000061)
[    0.000000] ACPI: DSDT 0x000000003FFF0610 002353 (v02 VBOX   VBOXBIOS 00000002 INTL 20100528)
[    0.000000] ACPI: FACS 0x000000003FFF0200 000040
[    0.000000] ACPI: FACS 0x000000003FFF0200 000040
[    0.000000] ACPI: APIC 0x000000003FFF0240 000054 (v02 VBOX   VBOXAPIC 00000001 ASL  00000061)
[    0.000000] ACPI: SSDT 0x000000003FFF02A0 00036C (v01 VBOX   VBOXCPUT 00000002 INTL 20100528)
[    0.000000] No NUMA configuration found
[    0.000000] Faking a node at [mem 0x0000000000000000-0x000000003ffeffff]
[    0.000000] NODE_DATA(0) allocated [mem 0x3ffeb000-0x3ffeffff]
[    0.000000] kvm-clock: Using msrs 4b564d01 and 4b564d00
[    0.000000] kvm-clock: cpu 0, msr 0:3ffe3001, primary cpu clock
[    0.000000] kvm-clock: using sched offset of 4564865957 cycles
[    0.000000] clocksource: kvm-clock: mask: 0xffffffffffffffff max_cycles: 0x1cd42e4dffb, max_idle_ns: 881590591483 ns
[    0.000000] Zone ranges:
[    0.000000]   DMA      [mem 0x0000000000001000-0x0000000000ffffff]
[    0.000000]   DMA32    [mem 0x0000000001000000-0x000000003ffeffff]
[    0.000000]   Normal   empty
[    0.000000]   Device   empty
[    0.000000] Movable zone start for each node
[    0.000000] Early memory node ranges
[    0.000000]   node   0: [mem 0x0000000000001000-0x000000000009efff]
[    0.000000]   node   0: [mem 0x0000000000100000-0x000000003ffeffff]
[    0.000000] Initmem setup node 0 [mem 0x0000000000001000-0x000000003ffeffff]
[    0.000000] ACPI: PM-Timer IO Port: 0x4008
[    0.000000] IOAPIC[0]: apic_id 1, version 32, address 0xfec00000, GSI 0-23
[    0.000000] ACPI: INT_SRC_OVR (bus 0 bus_irq 0 global_irq 2 dfl dfl)
[    0.000000] ACPI: INT_SRC_OVR (bus 0 bus_irq 9 global_irq 9 low level)
[    0.000000] Using ACPI (MADT) for SMP configuration information
[    0.000000] smpboot: Allowing 1 CPUs, 0 hotplug CPUs
[    0.000000] PM: Registered nosave memory: [mem 0x00000000-0x00000fff]
[    0.000000] PM: Registered nosave memory: [mem 0x0009f000-0x0009ffff]
[    0.000000] PM: Registered nosave memory: [mem 0x000a0000-0x000effff]
[    0.000000] PM: Registered nosave memory: [mem 0x000f0000-0x000fffff]
[    0.000000] e820: [mem 0x40000000-0xfebfffff] available for PCI devices
[    0.000000] Booting paravirtualized kernel on KVM
[    0.000000] clocksource: refined-jiffies: mask: 0xffffffff max_cycles: 0xffffffff, max_idle_ns: 7645519600211568 ns
[    0.000000] setup_percpu: NR_CPUS:512 nr_cpumask_bits:512 nr_cpu_ids:1 nr_node_ids:1
[    0.000000] PERCPU: Embedded 33 pages/cpu @ffff88003fc00000 s95192 r8192 d31784 u2097152
[    0.000000] Built 1 zonelists in Node order, mobility grouping on.  Total pages: 257912
[    0.000000] Policy zone: DMA32
[    0.000000] Kernel command line: BOOT_IMAGE=/boot/vmlinuz-4.4.0-210-generic root=LABEL=cloudimg-rootfs ro console=tty1 console=ttyS0
[    0.000000] PID hash table entries: 4096 (order: 3, 32768 bytes)
[    0.000000] Memory: 997924K/1048120K available (8644K kernel code, 1332K rwdata, 4044K rodata, 1492K init, 1164K bss, 50196K reserved, 0K cma-reserved)
[    0.000000] SLUB: HWalign=64, Order=0-3, MinObjects=0, CPUs=1, Nodes=1
[    0.000000] Hierarchical RCU implementation.
[    0.000000] 	Build-time adjustment of leaf fanout to 64.
[    0.000000] 	RCU restricting CPUs from NR_CPUS=512 to nr_cpu_ids=1.
[    0.000000] RCU: Adjusting geometry for rcu_fanout_leaf=64, nr_cpu_ids=1
[    0.000000] NR_IRQS:33024 nr_irqs:256 16
[    0.000000] Console: colour VGA+ 80x25
[    0.000000] console [tty1] enabled
[    0.000000] console [ttyS0] enabled
[    0.000000] tsc: Detected 1094.398 MHz processor
[    1.070624] Calibrating delay loop (skipped) preset value.. 2188.79 BogoMIPS (lpj=4377592)
[    1.091052] pid_max: default: 32768 minimum: 301
[    1.103565] ACPI: Core revision 20150930
[    1.117241] ACPI: 2 ACPI AML tables successfully acquired and loaded
[    1.137718] Security Framework initialized
[    1.147164] Yama: becoming mindful.
[    1.157511] AppArmor: AppArmor initialized
[    1.168213] Dentry cache hash table entries: 131072 (order: 8, 1048576 bytes)
[    1.196597] Inode-cache hash table entries: 65536 (order: 7, 524288 bytes)
[    1.220371] Mount-cache hash table entries: 2048 (order: 2, 16384 bytes)
[    1.241328] Mountpoint-cache hash table entries: 2048 (order: 2, 16384 bytes)
[    1.261340] Initializing cgroup subsys io
[    1.274896] Initializing cgroup subsys memory
[    1.291328] Initializing cgroup subsys devices
[    1.304530] Initializing cgroup subsys freezer
[    1.313833] Initializing cgroup subsys net_cls
[    1.325167] Initializing cgroup subsys perf_event
[    1.337799] Initializing cgroup subsys net_prio
[    1.349120] Initializing cgroup subsys hugetlb
[    1.360750] Initializing cgroup subsys pids
[    1.384404] mce: CPU supports 0 MCE banks
[    1.396937] Last level iTLB entries: 4KB 0, 2MB 0, 4MB 0
[    1.409695] Last level dTLB entries: 4KB 0, 2MB 0, 4MB 0, 1GB 0
[    1.423310] Spectre V1 : Mitigation: usercopy/swapgs barriers and __user pointer sanitization
[    1.445949] Spectre V2 : Mitigation: Enhanced IBRS
[    1.460318] Spectre V2 : Spectre v2 / SpectreRSB mitigation: Filling RSB on context switch
[    1.480467] Speculative Store Bypass: Vulnerable
[    2.051268] Freeing SMP alternatives memory: 36K
[    2.310637] ftrace: allocating 32380 entries in 127 pages
[    3.992552] smpboot: APIC(0) Converting physical 0 to logical package 0
[    4.012578] smpboot: Max logical packages: 1
[    4.050312] ..TIMER: vector=0x30 apic1=0 pin1=2 apic2=-1 pin2=-1
[    4.170577] APIC calibration not consistent with PM-Timer: 97ms instead of 100ms
[    4.184641] APIC delta adjusted to PM-Timer: 6230794 (6099687)
[    4.195651] smpboot: CPU0: Intel(R) Celeron(R) N4120 CPU @ 1.10GHz (family: 0x6, model: 0x7a, stepping: 0x8)
[    4.216170] Performance Events: unsupported p6 CPU model 122 no PMU driver, software events only.
[    4.484605] KVM setup paravirtual spinlock
[    4.497128] x86: Booted up 1 node, 1 CPUs
[    4.505423] smpboot: Total of 1 processors activated (2188.79 BogoMIPS)
[    4.522521] devtmpfs: initialized
[    4.534315] evm: security.selinux
[    4.543596] evm: security.SMACK64
[    4.551434] evm: security.SMACK64EXEC
[    4.559507] evm: security.SMACK64TRANSMUTE
[    4.567077] evm: security.SMACK64MMAP
[    4.573972] evm: security.ima
[    4.579947] evm: security.capability
[    4.587126] clocksource: jiffies: mask: 0xffffffff max_cycles: 0xffffffff, max_idle_ns: 7645041785100000 ns
[    4.604756] futex hash table entries: 256 (order: 2, 16384 bytes)
[    4.616355] pinctrl core: initialized pinctrl subsystem
[    4.626522] RTC time: 22:46:06, date: 11/03/25
[    4.635294] NET: Registered protocol family 16
[    4.644087] cpuidle: using governor ladder
[    4.651839] cpuidle: using governor menu
[    4.658751] PCCT header not found.
[    4.665207] ACPI: bus type PCI registered
[    4.672296] acpiphp: ACPI Hot Plug PCI Controller Driver version: 0.5
[    4.686061] PCI: Using configuration type 1 for base access
[    4.702875] ACPI: Added _OSI(Module Device)
[    4.714948] ACPI: Added _OSI(Processor Device)
[    4.723622] ACPI: Added _OSI(3.0 _SCP Extensions)
[    4.733149] ACPI: Added _OSI(Processor Aggregator Device)
[    4.747001] ACPI: Executed 1 blocks of module-level executable AML code
[    4.769159] ACPI: Interpreter enabled
[    4.776131] ACPI: (supports S0 S5)
[    4.783384] ACPI: Using IOAPIC for interrupt routing
[    4.794687] PCI: Using host bridge windows from ACPI; if necessary, use "pci=nocrs" and report a bug
[    4.827322] ACPI: PCI Root Bridge [PCI0] (domain 0000 [bus 00-ff])
[    4.838240] acpi PNP0A03:00: _OSC: OS supports [ASPM ClockPM Segments MSI]
[    4.851625] acpi PNP0A03:00: _OSC: not requesting OS control; OS requires [ExtendedConfig ASPM ClockPM MSI]
[    4.868829] acpi PNP0A03:00: fail to add MMCONFIG information, can't access extended PCI configuration space under this bridge.
[    4.890062] PCI host bridge to bus 0000:00
[    4.898009] pci_bus 0000:00: root bus resource [io  0x0000-0x0cf7 window]
[    4.910081] pci_bus 0000:00: root bus resource [io  0x0d00-0xffff window]
[    4.921673] pci_bus 0000:00: root bus resource [mem 0x000a0000-0x000bffff window]
[    4.934609] pci_bus 0000:00: root bus resource [mem 0x40000000-0xfdffffff window]
[    4.947387] pci_bus 0000:00: root bus resource [bus 00-ff]
[    4.970516] pci 0000:00:01.1: legacy IDE quirk: reg 0x10: [io  0x01f0-0x01f7]
[    4.983132] pci 0000:00:01.1: legacy IDE quirk: reg 0x14: [io  0x03f6]
[    4.994571] pci 0000:00:01.1: legacy IDE quirk: reg 0x18: [io  0x0170-0x0177]
[    5.007180] pci 0000:00:01.1: legacy IDE quirk: reg 0x1c: [io  0x0376]
[    5.059659] pci 0000:00:07.0: quirk: [io  0x4000-0x403f] claimed by PIIX4 ACPI
[    5.072209] pci 0000:00:07.0: quirk: [io  0x4100-0x410f] claimed by PIIX4 SMB
[    5.105653] ACPI: PCI Interrupt Link [LNKA] (IRQs 5 9 10 *11)
[    5.120656] ACPI: PCI Interrupt Link [LNKB] (IRQs 5 9 *10 11)
[    5.135126] ACPI: PCI Interrupt Link [LNKC] (IRQs 5 *9 10 11)
[    5.149810] ACPI: PCI Interrupt Link [LNKD] (IRQs 5 9 10 *11)
[    5.164625] ACPI: Enabled 2 GPEs in block 00 to 07
[    5.214869] vgaarb: setting as boot device: PCI:0000:00:02.0
[    5.225948] vgaarb: device added: PCI:0000:00:02.0,decodes=io+mem,owns=io+mem,locks=none
[    5.242269] vgaarb: loaded
[    5.247882] vgaarb: bridge control possible 0000:00:02.0
[    5.258583] SCSI subsystem initialized
[    5.266194] ACPI: bus type USB registered
[    5.274005] usbcore: registered new interface driver usbfs
[    5.283703] usbcore: registered new interface driver hub
[    5.293904] usbcore: registered new device driver usb
[    5.304072] PCI: Using ACPI for IRQ routing
[    5.314208] NetLabel: Initializing
[    5.320850] NetLabel:  domain hash size = 128
[    5.328931] NetLabel:  protocols = UNLABELED CIPSOv4
[    5.338339] NetLabel:  unlabeled traffic allowed by default
[    5.349106] amd_nb: Cannot enumerate AMD northbridges
[    5.358514] clocksource: Switched to clocksource kvm-clock
[    5.433160] AppArmor: AppArmor Filesystem Enabled
[    5.442925] pnp: PnP ACPI init
[    5.452994] pnp: PnP ACPI: found 3 devices
[    5.472497] clocksource: acpi_pm: mask: 0xffffff max_cycles: 0xffffff, max_idle_ns: 2085701024 ns
[    5.488770] NET: Registered protocol family 2
[    5.497738] TCP established hash table entries: 8192 (order: 4, 65536 bytes)
[    5.511151] TCP bind hash table entries: 8192 (order: 5, 131072 bytes)
[    5.524463] TCP: Hash tables configured (established 8192 bind 8192)
[    5.536918] UDP hash table entries: 512 (order: 2, 16384 bytes)
[    5.548041] UDP-Lite hash table entries: 512 (order: 2, 16384 bytes)
[    5.560119] NET: Registered protocol family 1
[    5.569509] pci 0000:00:00.0: Limiting direct PCI/PCI transfers
[    5.580641] pci 0000:00:01.0: Activating ISA DMA hang workarounds
[    5.593083] Unpacking initramfs...
[    6.359712] Freeing initrd memory: 14888K
[    6.367870] clocksource: tsc: mask: 0xffffffffffffffff max_cycles: 0xfc66d6d9ff, max_idle_ns: 440795228903 ns
[    6.385259] platform rtc_cmos: registered platform RTC device (no PNP device found)
[    6.398912] Scanning for low memory corruption every 60 seconds
[    6.410919] audit: initializing netlink subsys (disabled)
[    6.421545] audit: type=2000 audit(1762209970.429:1): initialized
[    6.433907] Initialise system trusted keyring
[    6.444927] HugeTLB registered 2 MB page size, pre-allocated 0 pages
[    6.460408] zbud: loaded
[    6.466964] VFS: Disk quotas dquot_6.6.0
[    6.474733] VFS: Dquot-cache hash table entries: 512 (order 0, 4096 bytes)
[    6.487849] squashfs: version 4.0 (2009/01/31) Phillip Lougher
[    6.499837] fuse init (API version 7.23)
[    6.508685] Key type big_key registered
[    6.516007] Allocating IMA MOK and blacklist keyrings.
[    6.529333] Key type asymmetric registered
[    6.537012] Asymmetric key parser 'x509' registered
[    6.545883] Block layer SCSI generic (bsg) driver version 0.4 loaded (major 249)
[    6.559207] io scheduler noop registered
[    6.566944] io scheduler deadline registered (default)
[    6.576762] io scheduler cfq registered
[    6.584238] pci_hotplug: PCI Hot Plug PCI Core version: 0.5
[    6.595157] pciehp: PCI Express Hot Plug Controller Driver version: 0.4
[    6.607528] ACPI: AC Adapter [AC] (off-line)
[    6.615417] input: Power Button as /devices/LNXSYSTM:00/LNXPWRBN:00/input/input0
[    6.629048] ACPI: Power Button [PWRF]
[    6.636642] input: Sleep Button as /devices/LNXSYSTM:00/LNXSLPBN:00/input/input1
[    6.651302] ACPI: Sleep Button [SLPF]
[    6.661238] ACPI: Battery Slot [BAT0] (battery present)
[    6.670355] GHES: HEST is not enabled!
[    6.677815] Serial: 8250/16550 driver, 32 ports, IRQ sharing enabled
[    6.731244] 00:02: ttyS0 at I/O 0x3f8 (irq = 4, base_baud = 115200) is a 16550A
[    6.749241] Linux agpgart interface v0.103
[    6.767341] loop: module loaded
[    6.777971] scsi host0: ata_piix
[    6.784719] scsi host1: ata_piix
[    6.790961] ata1: PATA max UDMA/33 cmd 0x1f0 ctl 0x3f6 bmdma 0xd000 irq 14
[    6.803582] ata2: PATA max UDMA/33 cmd 0x170 ctl 0x376 bmdma 0xd008 irq 15
[    6.819616] libphy: Fixed MDIO Bus: probed
[    6.827248] tun: Universal TUN/TAP device driver, 1.6
[    6.836959] tun: (C) 1999-2004 Max Krasnyansky <maxk@qualcomm.com>
[    6.848542] PPP generic driver version 2.4.2
[    6.857839] ehci_hcd: USB 2.0 'Enhanced' Host Controller (EHCI) Driver
[    6.871400] ehci-pci: EHCI PCI platform driver
[    6.879248] ehci-platform: EHCI generic platform driver
[    6.888575] ohci_hcd: USB 1.1 'Open' Host Controller (OHCI) Driver
[    6.899242] ohci-pci: OHCI PCI platform driver
[    6.908288] ohci-platform: OHCI generic platform driver
[    6.917618] uhci_hcd: USB Universal Host Controller Interface driver
[    6.929148] i8042: PNP: PS/2 Controller [PNP0303:PS2K,PNP0f03:PS2M] at 0x60,0x64 irq 1,12
[    6.950496] serio: i8042 KBD port at 0x60,0x64 irq 1
[    6.959446] serio: i8042 AUX port at 0x60,0x64 irq 12
[    6.970052] mousedev: PS/2 mouse device common for all mice
[    7.081456] input: AT Translated Set 2 keyboard as /devices/platform/i8042/serio0/input/input2
[    7.101004] rtc_cmos rtc_cmos: rtc core: registered rtc_cmos as rtc0
[    7.116340] rtc_cmos rtc_cmos: alarms up to one day, 114 bytes nvram
[    7.127819] i2c /dev entries driver
[    7.134783] device-mapper: uevent: version 1.0.3
[    7.143320] device-mapper: ioctl: 4.34.0-ioctl (2015-10-28) initialised: dm-devel@redhat.com
[    7.158580] ledtrig-cpu: registered to indicate activity on CPUs
[    7.170996] NET: Registered protocol family 10
[    7.180608] NET: Registered protocol family 17
[    7.189365] Key type dns_resolver registered
[    7.198515] registered taskstats version 1
[    7.207061] Loading compiled-in X.509 certificates
[    7.217416] Loaded X.509 cert 'Build time autogenerated kernel key: cf00e047681d67edb2720680708b7d9498083038'
[    7.236202] zswap: loaded using pool lzo/zbud
[    7.251091] Key type trusted registered
[    7.269812] Key type encrypted registered
[    7.278402] AppArmor: AppArmor sha1 policy hashing enabled
[    7.290551] ima: No TPM chip found, activating TPM-bypass!
[    7.301811] ima: Allocated hash algorithm: sha1
[    7.310168] evm: HMAC attrs: 0x1
[    7.318961]   Magic number: 1:826:804
[    7.326850] rtc_cmos rtc_cmos: setting system clock to 2025-11-03 22:46:08 UTC (1762209968)
[    7.341873] BIOS EDD facility v0.16 2004-Jun-25, 0 devices found
[    7.352560] EDD information not available.
[    7.365082] Freeing unused kernel memory: 1492K
[    7.373737] Write protecting the kernel read-only data: 14336k
[    7.385143] Freeing unused kernel memory: 1584K
[    7.394427] Freeing unused kernel memory: 52K
Loading, please wait...
starting version 229
[    7.444502] random: systemd-udevd: uninitialized urandom read (16 bytes read, 11 bits of entropy available)
[    7.464002] random: udevadm: uninitialized urandom read (16 bytes read, 11 bits of entropy available)
[    7.480529] random: systemd-udevd: uninitialized urandom read (16 bytes read, 11 bits of entropy available)
[    7.500994] random: udevadm: uninitialized urandom read (16 bytes read, 11 bits of entropy available)
[    7.528001] random: systemd-udevd: uninitialized urandom read (16 bytes read, 11 bits of entropy available)
[    7.557416] random: systemd-udevd: uninitialized urandom read (16 bytes read, 11 bits of entropy available)
[    7.577785] random: udevadm: uninitialized urandom read (16 bytes read, 11 bits of entropy available)
[    7.595311] random: systemd-udevd: uninitialized urandom read (16 bytes read, 11 bits of entropy available)
[    7.612507] random: udevadm: uninitialized urandom read (16 bytes read, 11 bits of entropy available)
[    7.628763] random: systemd-udevd: uninitialized urandom read (16 bytes read, 11 bits of entropy available)
[    7.900506] Fusion MPT base driver 3.04.20
[    7.908337] Copyright (c) 1999-2008 LSI Corporation
[    7.955569] e1000: Intel(R) PRO/1000 Network Driver - version 7.3.21-k8-NAPI
[    7.969302] e1000: Copyright (c) 1999-2006 Intel Corporation.
[    8.047755] SSE version of gcm_enc/dec engaged.
[    8.079836] Fusion MPT SPI Host driver 3.04.20
[    8.323565] input: ImExPS/2 Generic Explorer Mouse as /devices/platform/i8042/serio1/input/input4
[    9.191577] e1000 0000:00:03.0 eth0: (PCI:33MHz:32-bit) 02:be:82:6b:cc:1d
[    9.202948] e1000 0000:00:03.0 eth0: Intel(R) PRO/1000 Network Connection
[    9.216626] mptbase: ioc0: Initiating bringup
[    9.308415] ioc0: LSI53C1030 A0: Capabilities={Initiator}
[    9.514081] scsi host2: ioc0: LSI53C1030 A0, FwRev=00000000h, Ports=1, MaxQ=256, IRQ=20
[    9.644324] scsi 2:0:0:0: Direct-Access     VBOX     HARDDISK         1.0  PQ: 0 ANSI: 5
[    9.662150] scsi target2:0:0: Beginning Domain Validation
[    9.685062] scsi target2:0:0: Domain Validation skipping write tests
[    9.696610] scsi target2:0:0: Ending Domain Validation
[    9.719623] scsi target2:0:0: asynchronous
[    9.770409] scsi 2:0:1:0: Direct-Access     VBOX     HARDDISK         1.0  PQ: 0 ANSI: 5
[    9.799016] scsi target2:0:1: Beginning Domain Validation
[    9.936014] scsi target2:0:1: Domain Validation skipping write tests
[    9.948716] scsi target2:0:1: Ending Domain Validation
[    9.986533] scsi target2:0:1: asynchronous
[   10.239918] sd 2:0:0:0: Attached scsi generic sg0 type 0
[   10.257912] sd 2:0:0:0: [sda] 83886080 512-byte logical blocks: (42.9 GB/40.0 GiB)
[   10.288490] sd 2:0:0:0: [sda] Write Protect is off
[   10.299979] sd 2:0:1:0: [sdb] 20480 512-byte logical blocks: (10.5 MB/10.0 MiB)
[   10.313372] sd 2:0:1:0: Attached scsi generic sg1 type 0
[   10.340062] sd 2:0:0:0: [sda] Incomplete mode parameter data
[   10.350382] sd 2:0:0:0: [sda] Assuming drive cache: write through
[   10.363979] sd 2:0:1:0: [sdb] Write Protect is off
[   10.411659] sd 2:0:1:0: [sdb] Incomplete mode parameter data
[   10.423683] sd 2:0:1:0: [sdb] Assuming drive cache: write through
[   10.462709]  sda: sda1
[   10.501497] sd 2:0:0:0: [sda] Attached SCSI disk
[   10.512587] sd 2:0:1:0: [sdb] Attached SCSI disk
[   11.126344] e1000 0000:00:08.0 eth1: (PCI:33MHz:32-bit) 08:00:27:a7:74:d3
[   11.139831] e1000 0000:00:08.0 eth1: Intel(R) PRO/1000 Network Connection
[   11.159707] e1000 0000:00:08.0 enp0s8: renamed from eth1
[   11.178336] e1000 0000:00:03.0 enp0s3: renamed from eth0
Begin: Loading essential drivers ... [   13.301539] md: linear personality registered for level -1
[   13.321174] md: multipath personality registered for level -4
[   13.339699] md: raid0 personality registered for level 0
[   13.372901] md: raid1 personality registered for level 1
[   13.458650] raid6: sse2x1   gen()  4331 MB/s
[   13.542655] raid6: sse2x1   xor()  3162 MB/s
[   13.626764] raid6: sse2x2   gen()  4484 MB/s
[   13.711021] raid6: sse2x2   xor()  3819 MB/s
[   13.794940] raid6: sse2x4   gen()  6648 MB/s
[   13.878990] raid6: sse2x4   xor()  2259 MB/s
[   13.887157] raid6: using algorithm sse2x4 gen() 6648 MB/s
[   13.897769] raid6: .... xor() 2259 MB/s, rmw enabled
[   13.911084] raid6: using ssse3x2 recovery algorithm
[   13.929666] xor: measuring software checksum speed
[   14.046946]    prefetch64-sse: 24851.000 MB/sec
[   14.162602]    generic_sse: 21327.000 MB/sec
[   14.171351] xor: using function: prefetch64-sse (24851.000 MB/sec)
[   14.187710] async_tx: api initialized (async)
[   14.270662] md: raid6 personality registered for level 6
[   14.280863] md: raid5 personality registered for level 5
[   14.290361] md: raid4 personality registered for level 4
[   14.334525] md: raid10 personality registered for level 10
done.
Begin: Running /scripts/init-premount ... done.
Begin: Mounting root file system ... Begin: Running /scripts/local-top ... done.
Begin: Running /scripts/local-premount ... [   14.564228] Btrfs loaded
Scanning for Btrfs filesystems
done.
Warning: fsck not present, so skipping root file system
[   14.701890] EXT4-fs (sda1): mounted filesystem with ordered data mode. Opts: (null)
done.
Begin: Running /scripts/local-bottom ... done.
Begin: Running /scripts/init-bottom ... done.
[   15.049892] systemd[1]: systemd 229 running in system mode. (+PAM +AUDIT +SELINUX +IMA +APPARMOR +SMACK +SYSVINIT +UTMP +LIBCRYPTSETUP +GCRYPT +GNUTLS +ACL +XZ -LZ4 +SECCOMP +BLKID +ELFUTILS +KMOD -IDN)
[   15.084936] systemd[1]: Detected virtualization oracle.
[   15.096062] systemd[1]: Detected architecture x86-64.

Welcome to [1mUbuntu 16.04.7 LTS[0m!

[   15.133503] systemd[1]: Set hostname to <ubuntu>.
[   15.155898] systemd[1]: Initializing machine ID from random generator.
[   15.168288] systemd[1]: Installed transient /etc/machine-id file.
[   15.194982] random: nonblocking pool is initialized
[   15.656704] systemd[1]: Listening on udev Kernel Socket.
[[0;32m  OK  [0m] Listening on udev Kernel Socket.
[   15.677966] systemd[1]: Listening on Journal Socket.
[[0;32m  OK  [0m] Listening on Journal Socket.
[   15.697071] systemd[1]: Listening on Journal Socket (/dev/log).
[[0;32m  OK  [0m] Listening on Journal Socket (/dev/log).
[   15.720865] systemd[1]: Started Trigger resolvconf update for networkd DNS.
[[0;32m  OK  [0m] Started Trigger resolvconf update for networkd DNS.
[   15.745687] systemd[1]: Listening on Device-mapper event daemon FIFOs.
[[0;32m  OK  [0m] Listening on Device-mapper event daemon FIFOs.
[   15.770102] systemd[1]: Listening on /dev/initctl Compatibility Named Pipe.
[[0;32m  OK  [0m] Listening on /dev/initctl Compatibility Named Pipe.
[   15.794101] systemd[1]: Reached target System Time Synchronized.
[[0;32m  OK  [0m] Reached target System Time Synchronized.
[   15.816541] systemd[1]: Created slice System Slice.
[[0;32m  OK  [0m] Created slice System Slice.
[   15.840300] systemd[1]: Starting Load Kernel Modules...
         Starting Load Kernel Modules...
[   15.877471] systemd[1]: Created slice system-serial\x2dgetty.slice.
[[0;32m  OK  [0m] Created slice system-serial\x2dgetty.slice.
[   15.930918] systemd[1]: Starting Nameserver information manager...
[   15.942383] Loading iSCSI transport class v2.0-870.
         Starting Nameserver information manager...
[   15.973787] systemd[1]: Mounting POSIX Message Queue File System...
         Mounting POSIX Message Queue File System...[   16.017645] iscsi: registered transport (tcp)

[   16.029854] systemd[1]: Starting Uncomplicated firewall...
         Starting Uncomplicated firewall...
[   16.068404] systemd[1]: Created slice User and Session Slice.
[[0;32m  OK  [0m] Created slice User and Session Slice.
[   16.121581] systemd[1]: Listening on udev Control Socket.
[[0;32m  OK  [0m] Listening on udev Control Socket.
[   16.167623] systemd[1]: Mounting Huge Pages File System...
         Mounting Huge Pages File System...
[   16.239166] systemd[1]: Starting Set console keymap...
         Starting Set console keymap...
[   16.285365] iscsi: registered transport (iser)
[   16.297630] systemd[1]: Starting Create list of required static device nodes for the current kernel...
         Starting Create list of required st... nodes for the current kernel...
[   16.354493] systemd[1]: Listening on LVM2 poll daemon socket.
[[0;32m  OK  [0m] Listening on LVM2 poll daemon socket.
[   16.404623] systemd[1]: Reached target Slices.
[[0;32m  OK  [0m] Reached target Slices.
[   16.447103] systemd[1]: Listening on Journal Audit Socket.
[[0;32m  OK  [0m] Listening on Journal Audit Socket.
[   16.484140] systemd[1]: Reached target Swap.
[[0;32m  OK  [0m] Reached target Swap.
[   16.502701] systemd[1]: Set up automount Arbitrary Executable File Formats File System Automount Point.
[[0;32m  OK  [0m] Set up automount Arbitrary Executab...ats File System Automount Point.
[   16.534073] systemd[1]: Listening on LVM2 metadata daemon socket.
[[0;32m  OK  [0m] Listening on LVM2 metadata daemon socket.
[   16.557769] systemd[1]: Starting Monitoring of LVM2 mirrors, snapshots etc. using dmeventd or progress polling...
         Starting Monitoring of LVM2 mirrors... dmeventd or progress polling...
[   16.601777] systemd[1]: Listening on Syslog Socket.
[[0;32m  OK  [0m] Listening on Syslog Socket.
[   16.632030] systemd[1]: Started Forward Password Requests to Wall Directory Watch.
[[0;32m  OK  [0m] Started Forward Password Requests to Wall Directory Watch.
[   16.659279] systemd[1]: Listening on fsck to fsckd communication Socket.
[[0;32m  OK  [0m] Listening on fsck to fsckd communication Socket.
[   16.683953] systemd[1]: Mounting Debug File System...
         Mounting Debug File System...
[   16.709566] systemd[1]: Reached target User and Group Name Lookups.
[[0;32m  OK  [0m] Reached target User and Group Name Lookups.
[   16.735016] systemd[1]: Starting Journal Service...
         Starting Journal Service...
[   16.781564] systemd[1]: Starting File System Check on Root Device...
         Starting File System Check on Root Device...
[   16.831557] systemd[1]: Reached target Encrypted Volumes.
[[0;32m  OK  [0m] Reached target Encrypted Volumes.
[   16.877963] systemd[1]: Mounted Huge Pages File System.
[[0;32m  OK  [0m] Mounted Huge Pages File System.
[   16.910143] systemd[1]: Mounted POSIX Message Queue File System.
[[0;32m  OK  [0m] Mounted POSIX Message Queue File System.
[   16.932030] systemd[1]: Mounted Debug File System.
[[0;32m  OK  [0m] Mounted Debug File System.
[   16.952025] systemd[1]: Started Journal Service.
[[0;32m  OK  [0m] Started Journal Service.
[[0;32m  OK  [0m] Started Load Kernel Modules.
[[0;32m  OK  [0m] Started Uncomplicated firewall.
[[0;32m  OK  [0m] Started Set console keymap.
[[0;32m  OK  [0m] Started Create list of required sta...ce nodes for the current kernel.
[[0;32m  OK  [0m] Started File System Check on Root Device.
[[0;32m  OK  [0m] Started Nameserver information manager.
[[0;32m  OK  [0m] Started LVM2 metadata daemon.
[[0;32m  OK  [0m] Started File System Check Daemon to report status.
         Starting Remount Root and Kernel File Systems...
         Starting Create Static Device Nodes in /dev...
         [   17.244399] EXT4-fs (sda1): re-mounted. Opts: (null)
Starting Apply Kernel Variables...
         Mounting FUSE Control File System...
[[0;32m  OK  [0m] Mounted FUSE Control File System.
[[0;32m  OK  [0m] Started Remount Root and Kernel File Systems.
[[0;32m  OK  [0m] Started Create Static Device Nodes in /dev.
[[0;32m  OK  [0m] Started Apply Kernel Variables.
[[0;32m  OK  [0m] Started Monitoring of LVM2 mirrors,...ng dmeventd or progress polling.
         Starting udev Kernel Device Manager...
[[0;32m  OK  [0m] Reached target Local File Systems (Pre).
         Starting Load/Save Random Seed...
         Starting Flush Journal to Persistent Storage...
         Starting udev Coldplug all Devices...
[[0;32m  OK  [0m] Reached target Local File Systems.
         Starting Set console font and keymap...
         Starting Tell Plymouth To Write Out Runtime Data...
         Starting LSB: AppArmor initialization...
         Starting Commit a transient machine-id on disk...
         Starting Initial cloud-init job (pre-networking)...
[[0;32m  OK  [0m] Started udev Kernel Device Manager.
[[0;32m  OK  [0m] Started Load/Save Random Seed.
[[0;32m  OK  [0m] Started Tell Plymouth To Write Out Runtime Data.
[[0;32m  OK  [0m] Started Commit a transient machine-id on disk.
[[0;32m  OK  [0m] Started Flush Journal to Persistent Storage.
         Starting Create Volatile Files and Directories...
[[0;32m  OK  [0m] Started Create Volatile Files and Directories.
         Starting Update UTMP about System Boot/Shutdown...
[[0;32m  OK  [0m] Started Update UTMP about System Boot/Shutdown.
[[0;32m  OK  [0m] Started udev Coldplug all Devices.
[[0;32m  OK  [0m] Started Dispatch Password Requests to Console Directory Watch.
[[0;32m  OK  [0m] Found device /dev/ttyS0.
[[0;32m  OK  [0m] Listening on Load/Save RF Kill Switch Status /dev/rfkill Watch.
[   21.531283] cloud-init[511]: Cloud-init v. 21.1-19-gbad84ad4-0ubuntu1~16.04.2 running 'init-local' at Mon, 03 Nov 2025 22:46:24 +0000. Up 19.61 seconds.
[[0;32m  OK  [0m] Started Initial cloud-init job (pre-networking).
[[0;32m  OK  [0m] Started LSB: AppArmor initialization.
         Starting Load AppArmor profiles managed internally by snapd...
[[0;32m  OK  [0m] Reached target Network (Pre).
         Starting Raise network interfaces...
[[0;32m  OK  [0m] Started Load AppArmor profiles managed internally by snapd.
[[0;32m  OK  [0m] Started Set console font and keymap.
[[0;32m  OK  [0m] Created slice system-getty.slice.
[[0;32m  OK  [0m] Started Raise network interfaces.
         Starting Initial cloud-init job (metadata service crawler)...
[[0;32m  OK  [0m] Reached target Network.
[   26.089650] cloud-init[991]: Cloud-init v. 21.1-19-gbad84ad4-0ubuntu1~16.04.2 running 'init' at Mon, 03 Nov 2025 22:46:29 +0000. Up 24.67 seconds.
[   26.130428] cloud-init[991]: ci-info: ++++++++++++++++++++++++++++++++++++++Net device info+++++++++++++++++++++++++++++++++++++++
[   26.168712] cloud-init[991]: ci-info: +--------+-------+----------------------------+---------------+--------+-------------------+
[   26.197517] cloud-init[991]: ci-info: | Device |   Up  |          Address           |      Mask     | Scope  |     Hw-Address    |
[   26.234940] cloud-init[991]: ci-info: +--------+-------+----------------------------+---------------+--------+-------------------+
[   26.272735] cloud-init[991]: ci-info: | enp0s3 |  True |         10.0.2.15          | 255.255.255.0 | global | 02:be:82:6b:cc:1d |
[[   26.304441] cloud-init[0;32m  OK  [0m] Started Initial cloud-init job (metadata service crawler).[991]: ci-info: | enp0s3 |  True | fe80::be:82ff:fe6b:cc1d/64 |       .       |  link  | 02:be:82:6b:cc:1d |
[[0;32m  OK  [0m
[   26.331052] ] Reached target Cloud-config availability.cloud-init[991]: ci-info: | enp0s8 | False |             .              |       .       |   .    | 08:00:27:a7:74:d3 |
[[0;32m  OK  [0m] Reached target Network is Online.
[   26.355501] 
         cloud-init[991]: ci-info: |   lo   |  True |         127.0.0.1          |   255.0.0.0   |  host  |         .         |Starting iSCSI initiator daemon (iscsid)...
[
[   26.379081] [0;32m  OK  [0m] Reached target System Initialization.
cloud-init[[0;32m  OK  [0m[991]: ] Started Ubuntu Advantage update messaging.
[ci-info: |   lo   |  True |          ::1/128           |       .       |  host  |         .         |[0;32m  OK  [0m] Started Daily Cleanup of Temporary Directories.

[[0;32m  OK  [0m[   26.450756] ] Started Daily apt download activities.
[cloud-init[991]: ci-info: +--------+-------+----------------------------+---------------+--------+-------------------+[0;32m  OK  [0m] Started Message of the Day.

[[0;32m  OK  [0m] [   26.492262] cloud-init[991]: Listening on UUID daemon activation socket.ci-info: +++++++++++++++++++++++++++Route IPv4 info++++++++++++++++++++++++++++

[[0;32m  OK  [0m] [   26.517353] cloud-initStarted ACPI Events Check.
[991]: ci-info: +-------+-------------+----------+---------------+-----------+-------+[[0;32m  OK  [0m] Reached target Paths.
[   26.540127] cloud-init[991]: 
[ci-info: | Route | Destination | Gateway  |    Genmask    | Interface | Flags |[0;32m  OK  [0m] Started Daily apt upgrade and clean activities.
[   26.561068] cloud-init[991]: 
[ci-info: +-------+-------------+----------+---------------+-----------+-------+[0;32m  OK  [0m] 
[   26.578213] cloud-initReached target Timers.
         Starting Socket activation for snappy daemon.[991]: ci-info: |   0   |   0.0.0.0   | 10.0.2.2 |    0.0.0.0    |   enp0s3  |   UG  |
[[0;32m  OK  [0m
[   26.603637] cloud-init[991]: ] Listening on ACPID Listen Socket.
ci-info: |   1   |   10.0.2.0  | 0.0.0.0  | 255.255.255.0 |   enp0s3  |   U   |
[   26.629081] cloud-init[991]:          Starting LXD - unix socket.ci-info: +-------+-------------+----------+---------------+-----------+-------+
[
[   26.646595] [0;32m  OK  [0m] Listening on D-Bus System Message Bus Socket.cloud-init[991]: 
ci-info: +++++++++++++++++++Route IPv6 info+++++++++++++++++++[[0;32m  OK  [0m
[   26.671803] cloud-init] Listening on Socket activation for snappy daemon.[991]: 
[[0;32m  OK  [0mci-info: +-------+-------------+---------+-----------+-------+] Listening on LXD - unix socket.

[[0;32m  OK  [0m] Reached target Sockets.[   26.728748] cloud-init[991]: 
[ci-info: | Route | Destination | Gateway | Interface | Flags |
[0;32m  OK  [0m] Reached target Basic System.
[   26.749481] cloud-init[991]: ci-info: +-------+-------------+---------+-----------+-------+         
[   26.762743] Starting Login Service...
cloud-init         Starting LXD - container startup/shutdown...[991]: 
         Starting /etc/rc.local Compatibility...ci-info: |   0   |  fe80::/64  |    ::   |   enp0s3  |   U   |
         
Starting LSB: Record successful boot for GRUB...
         Starting LSB: MD monitoring daemon...
[   26.882000]          Starting System Logging Service...
         Starting Pollinate to seed the pseudo random number generator...
         Starting Virtualbox guest utils...
[[0;32m  OK  [0m] Started Deferred execution scheduler.
[[0;32m  OK  [0m] Started D-Bus System Message Bus.
cloud-init[991]: ci-info: |   3   |   ff00::/8  |    ::   |   enp0s3  |   U   |
[   27.102096] cloud-init         [991]: Starting Accounts Service...
[[0;32m  OK  [0mci-info: +-------+-------------+---------+-----------+-------+] Started Regular background program processing daemon.
[[0;32m  OK  [0m] Started ACPI event daemon.
[[0;32m  OK  [0m] Started FUSE filesystem for LXC.
         Starting Snap Daemon...
[[0;32m  OK  [0m] Started System Logging Service.
[
[0;32m  OK  [0m] Started iSCSI initiator daemon (iscsid).
[[0;32m  OK  [0m] Started /etc/rc.local Compatibility.
[   27.377231]          Starting Login to default iSCSI targets...
[[0;32m  OK  [0m] Started Login Service.
[[0;32m  OK  [0m] Started Unattended Upgrades Shutdown.
cloud-init[991]: Generating public/private rsa key pair.
[[   27.656489] [0;32m  OK  [0m] Started LSB: Record successful boot for GRUB.
[cloud-init[0;32m  OK  [0m] Started Login to default iSCSI targets.
[[0;32m  OK  [0m] Reached target Remote File Systems (Pre).
[[0;32m  OK  [0m] Reached target Remote File Systems.
[991]: Your identification has been saved in /etc/ssh/ssh_host_rsa_key.         Starting LSB: automatic crash report generation...
         Starting LSB: Set the CPU Frequency Scaling governor to "ondemand"...
         Starting LSB: daemon to balance interrupts for SMP systems...
         Starting Permit User Sessions...
[[0;32m  OK  [0m] Started Permit User Sessions.
         Starting Terminate Plymouth Boot Screen...
         Starting Hold until boot process finishes up...
[
[0;32m  OK  [0m] Started Terminate Plymouth Boot Screen.
[[0;32m  OK  [0m] Started Hold until boot process finishes up.[   27.973887] cloud-init
[[0;32m  OK  [0m] Started Serial Getty on ttyS0.
[[0;32m  OK  [0m] Started Getty on tty1.
[[0;32m  OK  [0m] Reached target Login Prompts.
         Starting Set console scheme...
[991]: [[0;32m  OK  [0m] Started LSB: MD monitoring daemon.
Your public key has been saved in /etc/ssh/ssh_host_rsa_key.pub.         Starting Authenticate and Authorize Users to Run Privileged Tasks...
[[0;32m  OK  [0m] Started Set console scheme.

[   28.221542] cloud-init[991]: [[0;32m  OK  [0m] Started LSB: Set the CPU Frequency Scaling governor to "ondemand".The key fingerprint is:

[[0;32m  OK  [0m[   28.405886] cloud-init] Started Authenticate and Authorize Users to Run Privileged Tasks.
[[0;32m  OK  [0m] Started Accounts Service.
[991]: [[0;32m  OK  [0m] Started LXD - container startup/shutdown.
SHA256:0vn1N/o8j/X3i4lomvGzjCzbMyRxEDgBdvbOi5MM3lE root@ubuntu-xenial
[[0;32m  OK  [0m] Started LSB: daemon to balance interrupts for SMP systems.
[   28.555468] cloud-init[991]: [[0;32m  OK  [0m] Started LSB: automatic crash report generation.
The key's randomart image is:
[   28.656600] cloud-init[991]: +---[RSA 2048]----+
[   28.726140] cloud-init[991]: | o.+o..          |
[   28.822277] cloud-init[991]: |. oo..           |
[[0;32m  OK  [0m] Started Virtualbox guest utils.[   28.960775] cloud-init
[991]: |    .E.          |
[   29.023585] cloud-init[991]: |    +. o .       |
[   29.102084] cloud-init[991]: | . . o+ S   .    |
[   29.154994] cloud-init[991]: |. + +..o . . .   |
[   29.217336] cloud-init[991]: | . * .o.  .   ..o|
[   29.289969] cloud-init[991]: |    ..oo*o. . ==+|
[   29.368621] cloud-init[991]: |     .o*==o. +o+X|
[   29.433282] cloud-init[991]: +----[SHA256]-----+
[   29.486947] cloud-init[991]: Generating public/private dsa key pair.[[0;32m  OK  [0m] 
Started Pollinate to seed the pseudo random number generator.
         Starting OpenBSD Secure Shell server...[   29.553217] 
cloud-init[991]: Your identification has been saved in /etc/ssh/ssh_host_dsa_key.
[   29.660881] cloud-init[991]: Your public key has been saved in /etc/ssh/ssh_host_dsa_key.pub.[[0;32m  OK  [0m] Started OpenBSD Secure Shell server.

[   29.765773] cloud-init[991]: The key fingerprint is:
[   29.814402] cloud-init[991]: SHA256:9Xd036iBc201dojBC50vLVuXrynQ8rKaMGWPTHwugGI root@ubuntu-xenial
[   29.852725] cloud-init[991]: The key's randomart image is:
[   29.901950] cloud-init[991]: +---[DSA 1024]----+
[   29.931027] cloud-init[991]: |           o..   |
[   29.959172] cloud-init[991]: |          . +o . |
[   29.988589] cloud-init[991]: |          ...+.o*|
[   30.011775] cloud-init[991]: |     . . . o+.==B|
[[0;32m  OK  [0m[   30.046636] ] Started Snap Daemon.
cloud-init         [991]: |  E . . S +.+==.=|Starting Wait until snapd is fully seeded...

[   30.101553] cloud-init[991]: | . .   * =ooo= ..|
[   30.163452] cloud-init[991]: |      o + o+.  o |
[   30.209861] cloud-init[991]: |       o o. o o  |
[   30.248033] cloud-init[991]: |        o..o .   |
[   30.292553] cloud-init[991]: +----[SHA256]-----+
[   30.356503] cloud-init[991]: Generating public/private ecdsa key pair.
[   30.432317] cloud-init[991]: Your identification has been saved in /etc/ssh/ssh_host_ecdsa_key.
[   30.506286] cloud-init[991]: Your public key has been saved in /etc/ssh/ssh_host_ecdsa_key.pub.
[   30.563395] cloud-init[991]: The key fingerprint is:[[0;32m  OK  [0m] Created slice User Slice of vagrant.

[   30.622694] cloud-init         [991]: SHA256:4Wh5Cxyy0Boa+iXF3C3eOt2mjAe8n2R1pQ57qe1GUko root@ubuntu-xenialStarting User Manager for UID 1000...

[[0;32m  OK  [0m] Started Session 1 of user vagrant.
[   30.731309] cloud-init[991]: The key's randomart image is:
[[0;32m  OK  [0m] Started User Manager for UID 1000.
[   30.785840] cloud-init[991]: +---[ECDSA 256]---+
[   30.849891] cloud-init[991]: |                 |
[   30.916678] cloud-init[991]: |   + . .         |
[   30.970844] cloud-init[991]: |. o * + o     .  |
[   31.061166] cloud-init[991]: |.o = = B .E .o   |
[   31.117849] cloud-init[991]: |o o o.B S.ooo    |
[   31.189616] cloud-init[991]: | . o .o= +o=..   |
[   31.239172] cloud-init[991]: |  .   oo= +o+    |
[   31.311119] cloud-init[991]: |      .*.+ +.    |
[   31.369333] cloud-init[991]: |      .o= .oo    |
[   31.442776] cloud-init[991]: +----[SHA256]-----+
[   31.500735] cloud-init[991]: Generating public/private ed25519 key pair.
[   31.560677] cloud-init[991]: Your identification has been saved in /etc/ssh/ssh_host_ed25519_key.
[   31.636471] cloud-init[991]: Your public key has been saved in /etc/ssh/ssh_host_ed25519_key.pub.
[   31.698457] cloud-init[991]: The key fingerprint is:
[   31.759387] cloud-init[991]: SHA256:p+RrHsWSRPJKWEzkFCScfiU/3uipPAP4Lw4OwLVfbUc root@ubuntu-xenial
[   31.847649] cloud-init[991]: The key's randomart image is:
[   31.903518] cloud-init[991]: +--[ED25519 256]--+
[   31.964978] cloud-init[991]: |   ..*O..        |
[   32.029148] cloud-init[991]: |    o*o+.        |
[   32.110311] cloud-init[991]: |   o. o+o  E     |
[   32.213656] cloud-init[991]: |. . o..o+o.      |
[   32.271763] cloud-init[991]: |.. o ..oS*+.     |
[   32.354695] cloud-init[991]: |. . o .o+=o      |
[   32.438378] cloud-init[991]: |. .. o .+.       |
[   32.500698] cloud-init[991]: | o .o.o +o       |
[   32.553876] cloud-init[991]: |  ...o+*o        |
[   32.614568] cloud-init[991]: +----[SHA256]-----+

Ubuntu 16.04.7 LTS ubuntu-xenial ttyS0

ubuntu-xenial login: [   38.100447] cloud-init[1470]: Generating locales (this might take a while)...
[   42.948375] cloud-init[1470]:   en_US.UTF-8... done
[   42.965319] cloud-init[1470]: Generation complete.
[   43.921404] cloud-init[1470]: Cloud-init v. 21.1-19-gbad84ad4-0ubuntu1~16.04.2 running 'modules:config' at Mon, 03 Nov 2025 22:46:42 +0000. Up 37.40 seconds.
ci-info: no authorized SSH keys fingerprints found for user ubuntu.
<14>Nov  3 22:46:50 ec2: 
<14>Nov  3 22:46:50 ec2: #############################################################
<14>Nov  3 22:46:50 ec2: -----BEGIN SSH HOST KEY FINGERPRINTS-----
<14>Nov  3 22:46:50 ec2: 1024 SHA256:9Xd036iBc201dojBC50vLVuXrynQ8rKaMGWPTHwugGI root@ubuntu-xenial (DSA)
<14>Nov  3 22:46:50 ec2: 256 SHA256:4Wh5Cxyy0Boa+iXF3C3eOt2mjAe8n2R1pQ57qe1GUko root@ubuntu-xenial (ECDSA)
<14>Nov  3 22:46:50 ec2: 256 SHA256:p+RrHsWSRPJKWEzkFCScfiU/3uipPAP4Lw4OwLVfbUc root@ubuntu-xenial (ED25519)
<14>Nov  3 22:46:50 ec2: 2048 SHA256:0vn1N/o8j/X3i4lomvGzjCzbMyRxEDgBdvbOi5MM3lE root@ubuntu-xenial (RSA)
<14>Nov  3 22:46:50 ec2: -----END SSH HOST KEY FINGERPRINTS-----
<14>Nov  3 22:46:50 ec2: #############################################################
-----BEGIN SSH HOST KEY KEYS-----
ecdsa-sha2-nistp256 AAAAE2VjZHNhLXNoYTItbmlzdHAyNTYAAAAIbmlzdHAyNTYAAABBBA8u15DMnraFLJDbLglmgmSdINt1f1IsqqbpVescYLko4jETkFEvOGLYaOzSlqJwlDN2fjWAs7lkuJ6WBBRk9mE= root@ubuntu-xenial
ssh-ed25519 AAAAC3NzaC1lZDI1NTE5AAAAIObZB+TVXRtHazcIuC8KYkb2TCjWA+QcpUA1HFlLnugJ root@ubuntu-xenial
ssh-rsa AAAAB3NzaC1yc2EAAAADAQABAAABAQC0A/yss4Is+xn7jLQO2pS0icOXY1dKTZqHFqw9Ke8UMEwW7t6qj/d2pYv3Bee2u3Xwf3m+9fXyHebPHtrxwuHpxlP9zpobh2H6MzFZcpIbkXfcWP7aoHgThPaMkQKS9Kaax+ci0Ixc1lzms2sFN3zFmoXAZMSQOhU3cyJVxzILqup24GmJeVZ5sGEb+zUuw9UopJPFfInYUz4dZgFvYR39KLsm4y08l3uslinLq+xEhoHJpMot2jVAajf8iKZbhP0u9CqtV8ICaBj2eucbv3eoLfuB9+biWdI8/blB2VOc1C29ftsGYYnGzNP9IXVyMd+AUI/piLAeN8ix8ZQJPQIh root@ubuntu-xenial
-----END SSH HOST KEY KEYS-----
[   45.750118] cloud-init[1653]: Cloud-init v. 21.1-19-gbad84ad4-0ubuntu1~16.04.2 running 'modules:final' at Mon, 03 Nov 2025 22:46:50 +0000. Up 45.31 seconds.
[   45.784969] cloud-init[1653]: ci-info: no authorized SSH keys fingerprints found for user ubuntu.
[   45.806080] cloud-init[1653]: Cloud-init v. 21.1-19-gbad84ad4-0ubuntu1~16.04.2 finished at Mon, 03 Nov 2025 22:46:50 +0000. Datasource DataSourceNoCloud [seed=/dev/sdb][dsmode=net].  Up 45.73 seconds
