[    0.000000] Initializing cgroup subsys cpuset
[    0.000000] Initializing cgroup subsys cpu
[    0.000000] Initializing cgroup subsys cpuacct
[    0.000000] Linux version 4.4.0-210-generic (buildd@lgw01-amd64-009) (gcc version 5.4.0 20160609 (Ubuntu 5.4.0-6ubuntu1~16.04.12) ) #242-Ubuntu SMP Fri Apr 16 09:57:56 UTC 2021 (Ubuntu 4.4.0-210.242-generic 4.4.262)
[    0.000000] Command line: BOOT_IMAGE=/boot/vmlinuz-4.4.0-210-generic root=LABEL=cloudimg-rootfs ro console=tty1 console=ttyS0
[    0.000000] KERNEL supported cpus:
[    0.000000]   Intel GenuineIntel
[    0.000000]   AMD AuthenticAMD
[    0.000000]   Centaur CentaurHauls
[    0.000000] x86/fpu: Legacy x87 FPU detected.
[    0.000000] e820: BIOS-provided physical RAM map:
[    0.000000] BIOS-e820: [mem 0x0000000000000000-0x000000000009fbff] usable
[    0.000000] BIOS-e820: [mem 0x000000000009fc00-0x000000000009ffff] reserved
[    0.000000] BIOS-e820: [mem 0x00000000000f0000-0x00000000000fffff] reserved
[    0.000000] BIOS-e820: [mem 0x0000000000100000-0x000000003ffeffff] usable
[    0.000000] BIOS-e820: [mem 0x000000003fff0000-0x000000003fffffff] ACPI data
[    0.000000] BIOS-e820: [mem 0x00000000fec00000-0x00000000fec00fff] reserved
[    0.000000] BIOS-e820: [mem 0x00000000fee00000-0x00000000fee00fff] reserved
[    0.000000] BIOS-e820: [mem 0x00000000fffc0000-0x00000000ffffffff] reserved
[    0.000000] NX (Execute Disable) protection: active
[    0.000000] SMBIOS 2.5 present.
[    0.000000] Hypervisor detected: KVM
[    0.000000] Kernel/User page tables isolation: disabled
[    0.000000] e820: last_pfn = 0x3fff0 max_arch_pfn = 0x400000000
[    0.000000] MTRR: Disabled
[    0.000000] x86/PAT: MTRRs disabled, skipping PAT initialization too.
[    0.000000] CPU MTRRs all blank - virtualized system.
[    0.000000] x86/PAT: Configuration [0-7]: WB  WT  UC- UC  WB  WT  UC- UC  
[    0.000000] found SMP MP-table at [mem 0x0009fff0-0x0009ffff] mapped at [ffff88000009fff0]
[    0.000000] Scanning 1 areas for low memory corruption
[    0.000000] RAMDISK: [mem 0x362dc000-0x37165fff]
[    0.000000] ACPI: Early table checksum verification disabled
[    0.000000] ACPI: RSDP 0x00000000000E0000 000024 (v02 VBOX  )
[    0.000000] ACPI: XSDT 0x000000003FFF0030 00003C (v01 VBOX   VBOXXSDT 00000001 ASL  00000061)
[    0.000000] ACPI: FACP 0x000000003FFF00F0 0000F4 (v04 VBOX   VBOXFACP 00000001 ASL  00000061)
[    0.000000] ACPI: DSDT 0x000000003FFF0610 002353 (v02 VBOX   VBOXBIOS 00000002 INTL 20100528)
[    0.000000] ACPI: FACS 0x000000003FFF0200 000040
[    0.000000] ACPI: FACS 0x000000003FFF0200 000040
[    0.000000] ACPI: APIC 0x000000003FFF0240 000054 (v02 VBOX   VBOXAPIC 00000001 ASL  00000061)
[    0.000000] ACPI: SSDT 0x000000003FFF02A0 00036C (v01 VBOX   VBOXCPUT 00000002 INTL 20100528)
[    0.000000] No NUMA configuration found
[    0.000000] Faking a node at [mem 0x0000000000000000-0x000000003ffeffff]
[    0.000000] NODE_DATA(0) allocated [mem 0x3ffeb000-0x3ffeffff]
[    0.000000] kvm-clock: Using msrs 4b564d01 and 4b564d00
[    0.000000] kvm-clock: cpu 0, msr 0:3ffe3001, primary cpu clock
[    0.000000] kvm-clock: using sched offset of 5035611240 cycles
[    0.000000] clocksource: kvm-clock: mask: 0xffffffffffffffff max_cycles: 0x1cd42e4dffb, max_idle_ns: 881590591483 ns
[    0.000000] Zone ranges:
[    0.000000]   DMA      [mem 0x0000000000001000-0x0000000000ffffff]
[    0.000000]   DMA32    [mem 0x0000000001000000-0x000000003ffeffff]
[    0.000000]   Normal   empty
[    0.000000]   Device   empty
[    0.000000] Movable zone start for each node
[    0.000000] Early memory node ranges
[    0.000000]   node   0: [mem 0x0000000000001000-0x000000000009efff]
[    0.000000]   node   0: [mem 0x0000000000100000-0x000000003ffeffff]
[    0.000000] Initmem setup node 0 [mem 0x0000000000001000-0x000000003ffeffff]
[    0.000000] ACPI: PM-Timer IO Port: 0x4008
[    0.000000] IOAPIC[0]: apic_id 1, version 32, address 0xfec00000, GSI 0-23
[    0.000000] ACPI: INT_SRC_OVR (bus 0 bus_irq 0 global_irq 2 dfl dfl)
[    0.000000] ACPI: INT_SRC_OVR (bus 0 bus_irq 9 global_irq 9 low level)
[    0.000000] Using ACPI (MADT) for SMP configuration information
[    0.000000] smpboot: Allowing 1 CPUs, 0 hotplug CPUs
[    0.000000] PM: Registered nosave memory: [mem 0x00000000-0x00000fff]
[    0.000000] PM: Registered nosave memory: [mem 0x0009f000-0x0009ffff]
[    0.000000] PM: Registered nosave memory: [mem 0x000a0000-0x000effff]
[    0.000000] PM: Registered nosave memory: [mem 0x000f0000-0x000fffff]
[    0.000000] e820: [mem 0x40000000-0xfebfffff] available for PCI devices
[    0.000000] Booting paravirtualized kernel on KVM
[    0.000000] clocksource: refined-jiffies: mask: 0xffffffff max_cycles: 0xffffffff, max_idle_ns: 7645519600211568 ns
[    0.000000] setup_percpu: NR_CPUS:512 nr_cpumask_bits:512 nr_cpu_ids:1 nr_node_ids:1
[    0.000000] PERCPU: Embedded 33 pages/cpu @ffff88003fc00000 s95192 r8192 d31784 u2097152
[    0.000000] Built 1 zonelists in Node order, mobility grouping on.  Total pages: 257912
[    0.000000] Policy zone: DMA32
[    0.000000] Kernel command line: BOOT_IMAGE=/boot/vmlinuz-4.4.0-210-generic root=LABEL=cloudimg-rootfs ro console=tty1 console=ttyS0
[    0.000000] PID hash table entries: 4096 (order: 3, 32768 bytes)
[    0.000000] Memory: 997924K/1048120K available (8644K kernel code, 1332K rwdata, 4044K rodata, 1492K init, 1164K bss, 50196K reserved, 0K cma-reserved)
[    0.000000] SLUB: HWalign=64, Order=0-3, MinObjects=0, CPUs=1, Nodes=1
[    0.000000] Hierarchical RCU implementation.
[    0.000000] 	Build-time adjustment of leaf fanout to 64.
[    0.000000] 	RCU restricting CPUs from NR_CPUS=512 to nr_cpu_ids=1.
[    0.000000] RCU: Adjusting geometry for rcu_fanout_leaf=64, nr_cpu_ids=1
[    0.000000] NR_IRQS:33024 nr_irqs:256 16
[    0.000000] Console: colour VGA+ 80x25
[    0.000000] console [tty1] enabled
[    0.000000] console [ttyS0] enabled
[    0.000000] tsc: Detected 1094.398 MHz processor
[    1.436635] Calibrating delay loop (skipped) preset value.. 2188.79 BogoMIPS (lpj=4377592)
[    1.465804] pid_max: default: 32768 minimum: 301
[    1.483420] ACPI: Core revision 20150930
[    1.503016] ACPI: 2 ACPI AML tables successfully acquired and loaded
[    1.530898] Security Framework initialized
[    1.547119] Yama: becoming mindful.
[    1.561346] AppArmor: AppArmor initialized
[    1.575809] Dentry cache hash table entries: 131072 (order: 8, 1048576 bytes)
[    1.611347] Inode-cache hash table entries: 65536 (order: 7, 524288 bytes)
[    1.642424] Mount-cache hash table entries: 2048 (order: 2, 16384 bytes)
[    1.667735] Mountpoint-cache hash table entries: 2048 (order: 2, 16384 bytes)
[    1.696050] Initializing cgroup subsys io
[    1.711155] Initializing cgroup subsys memory
[    1.727499] Initializing cgroup subsys devices
[    1.744325] Initializing cgroup subsys freezer
[    1.758048] Initializing cgroup subsys net_cls
[    1.773096] Initializing cgroup subsys perf_event
[    1.787056] Initializing cgroup subsys net_prio
[    1.803668] Initializing cgroup subsys hugetlb
[    1.821327] Initializing cgroup subsys pids
[    1.846387] mce: CPU supports 0 MCE banks
[    1.862809] Last level iTLB entries: 4KB 0, 2MB 0, 4MB 0
[    1.879309] Last level dTLB entries: 4KB 0, 2MB 0, 4MB 0, 1GB 0
[    1.900302] Spectre V1 : Mitigation: usercopy/swapgs barriers and __user pointer sanitization
[    1.926852] Spectre V2 : Mitigation: Enhanced IBRS
[    1.944667] Spectre V2 : Spectre v2 / SpectreRSB mitigation: Filling RSB on context switch
[    1.972959] Speculative Store Bypass: Vulnerable
[    2.724480] Freeing SMP alternatives memory: 36K
[    3.029065] ftrace: allocating 32380 entries in 127 pages
[    5.398030] smpboot: APIC(0) Converting physical 0 to logical package 0
[    5.420522] smpboot: Max logical packages: 1
[    5.465864] ..TIMER: vector=0x30 apic1=0 pin1=2 apic2=-1 pin2=-1
[    5.590216] smpboot: CPU0: Intel(R) Celeron(R) N4120 CPU @ 1.10GHz (family: 0x6, model: 0x7a, stepping: 0x8)
[    5.614064] Performance Events: unsupported p6 CPU model 122 no PMU driver, software events only.
[    5.944823] KVM setup paravirtual spinlock
[    5.963529] x86: Booted up 1 node, 1 CPUs
[    5.976136] smpboot: Total of 1 processors activated (2188.79 BogoMIPS)
[    6.005123] devtmpfs: initialized
[    6.022724] evm: security.selinux
[    6.033786] evm: security.SMACK64
[    6.045558] evm: security.SMACK64EXEC
[    6.058333] evm: security.SMACK64TRANSMUTE
[    6.072560] evm: security.SMACK64MMAP
[    6.083598] evm: security.ima
[    6.092183] evm: security.capability
[    6.103235] clocksource: jiffies: mask: 0xffffffff max_cycles: 0xffffffff, max_idle_ns: 7645041785100000 ns
[    6.127229] futex hash table entries: 256 (order: 2, 16384 bytes)
[    6.142528] pinctrl core: initialized pinctrl subsystem
[    6.156824] RTC time:  0:57:14, date: 11/02/25
[    6.168887] NET: Registered protocol family 16
[    6.181460] cpuidle: using governor ladder
[    6.191353] cpuidle: using governor menu
[    6.200454] PCCT header not found.
[    6.209269] ACPI: bus type PCI registered
[    6.219045] acpiphp: ACPI Hot Plug PCI Controller Driver version: 0.5
[    6.234846] PCI: Using configuration type 1 for base access
[    6.255706] ACPI: Added _OSI(Module Device)
[    6.265471] ACPI: Added _OSI(Processor Device)
[    6.276220] ACPI: Added _OSI(3.0 _SCP Extensions)
[    6.287904] ACPI: Added _OSI(Processor Aggregator Device)
[    6.303445] ACPI: Executed 1 blocks of module-level executable AML code
[    6.328850] ACPI: Interpreter enabled
[    6.337514] ACPI: (supports S0 S5)
[    6.346189] ACPI: Using IOAPIC for interrupt routing
[    6.359072] PCI: Using host bridge windows from ACPI; if necessary, use "pci=nocrs" and report a bug
[    6.396205] ACPI: PCI Root Bridge [PCI0] (domain 0000 [bus 00-ff])
[    6.410876] acpi PNP0A03:00: _OSC: OS supports [ASPM ClockPM Segments MSI]
[    6.430768] acpi PNP0A03:00: _OSC: not requesting OS control; OS requires [ExtendedConfig ASPM ClockPM MSI]
[    6.454641] acpi PNP0A03:00: fail to add MMCONFIG information, can't access extended PCI configuration space under this bridge.
[    6.480603] PCI host bridge to bus 0000:00
[    6.489904] pci_bus 0000:00: root bus resource [io  0x0000-0x0cf7 window]
[    6.505214] pci_bus 0000:00: root bus resource [io  0x0d00-0xffff window]
[    6.521350] pci_bus 0000:00: root bus resource [mem 0x000a0000-0x000bffff window]
[    6.539706] pci_bus 0000:00: root bus resource [mem 0x40000000-0xfdffffff window]
[    6.560567] pci_bus 0000:00: root bus resource [bus 00-ff]
[    6.589214] pci 0000:00:01.1: legacy IDE quirk: reg 0x10: [io  0x01f0-0x01f7]
[    6.605960] pci 0000:00:01.1: legacy IDE quirk: reg 0x14: [io  0x03f6]
[    6.621212] pci 0000:00:01.1: legacy IDE quirk: reg 0x18: [io  0x0170-0x0177]
[    6.638671] pci 0000:00:01.1: legacy IDE quirk: reg 0x1c: [io  0x0376]
[    6.704637] pci 0000:00:07.0: quirk: [io  0x4000-0x403f] claimed by PIIX4 ACPI
[    6.721483] pci 0000:00:07.0: quirk: [io  0x4100-0x410f] claimed by PIIX4 SMB
[    6.761720] ACPI: PCI Interrupt Link [LNKA] (IRQs 5 9 10 *11)
[    6.780306] ACPI: PCI Interrupt Link [LNKB] (IRQs 5 9 *10 11)
[    6.797920] ACPI: PCI Interrupt Link [LNKC] (IRQs 5 *9 10 11)
[    6.816173] ACPI: PCI Interrupt Link [LNKD] (IRQs 5 9 10 *11)
[    6.834077] ACPI: Enabled 2 GPEs in block 00 to 07
[    6.846456] vgaarb: setting as boot device: PCI:0000:00:02.0
[    6.859787] vgaarb: device added: PCI:0000:00:02.0,decodes=io+mem,owns=io+mem,locks=none
[    6.920932] vgaarb: loaded
[    6.927383] vgaarb: bridge control possible 0000:00:02.0
[    6.941336] SCSI subsystem initialized
[    6.950864] ACPI: bus type USB registered
[    6.961354] usbcore: registered new interface driver usbfs
[    6.974510] usbcore: registered new interface driver hub
[    6.986204] usbcore: registered new device driver usb
[    6.997655] PCI: Using ACPI for IRQ routing
[    7.009827] NetLabel: Initializing
[    7.017261] NetLabel:  domain hash size = 128
[    7.026941] NetLabel:  protocols = UNLABELED CIPSOv4
[    7.037514] NetLabel:  unlabeled traffic allowed by default
[    7.049916] amd_nb: Cannot enumerate AMD northbridges
[    7.062047] clocksource: Switched to clocksource kvm-clock
[    7.188284] AppArmor: AppArmor Filesystem Enabled
[    7.203329] pnp: PnP ACPI init
[    7.221842] pnp: PnP ACPI: found 3 devices
[    7.251774] clocksource: acpi_pm: mask: 0xffffff max_cycles: 0xffffff, max_idle_ns: 2085701024 ns
[    7.278190] NET: Registered protocol family 2
[    7.292019] TCP established hash table entries: 8192 (order: 4, 65536 bytes)
[    7.311118] TCP bind hash table entries: 8192 (order: 5, 131072 bytes)
[    7.328793] TCP: Hash tables configured (established 8192 bind 8192)
[    7.347955] UDP hash table entries: 512 (order: 2, 16384 bytes)
[    7.363427] UDP-Lite hash table entries: 512 (order: 2, 16384 bytes)
[    7.380451] NET: Registered protocol family 1
[    7.391161] pci 0000:00:00.0: Limiting direct PCI/PCI transfers
[    7.405851] pci 0000:00:01.0: Activating ISA DMA hang workarounds
[    7.421197] Unpacking initramfs...
[    8.471297] Freeing initrd memory: 14888K
[    8.486445] clocksource: tsc: mask: 0xffffffffffffffff max_cycles: 0xfc66d6d9ff, max_idle_ns: 440795228903 ns
[    8.512316] platform rtc_cmos: registered platform RTC device (no PNP device found)
[    8.533938] Scanning for low memory corruption every 60 seconds
[    8.551674] audit: initializing netlink subsys (disabled)
[    8.566435] audit: type=2000 audit(1762045037.961:1): initialized
[    8.582895] Initialise system trusted keyring
[    8.595275] HugeTLB registered 2 MB page size, pre-allocated 0 pages
[    8.618172] zbud: loaded
[    8.627309] VFS: Disk quotas dquot_6.6.0
[    8.637513] VFS: Dquot-cache hash table entries: 512 (order 0, 4096 bytes)
[    8.654987] squashfs: version 4.0 (2009/01/31) Phillip Lougher
[    8.670790] fuse init (API version 7.23)
[    8.682646] Key type big_key registered
[    8.693309] Allocating IMA MOK and blacklist keyrings.
[    8.711831] Key type asymmetric registered
[    8.722866] Asymmetric key parser 'x509' registered
[    8.735880] Block layer SCSI generic (bsg) driver version 0.4 loaded (major 249)
[    8.754090] io scheduler noop registered
[    8.764461] io scheduler deadline registered (default)
[    8.776744] io scheduler cfq registered
[    8.785748] pci_hotplug: PCI Hot Plug PCI Core version: 0.5
[    8.798832] pciehp: PCI Express Hot Plug Controller Driver version: 0.4
[    8.814644] ACPI: AC Adapter [AC] (on-line)
[    8.825195] input: Power Button as /devices/LNXSYSTM:00/LNXPWRBN:00/input/input0
[    8.843510] ACPI: Power Button [PWRF]
[    8.853266] input: Sleep Button as /devices/LNXSYSTM:00/LNXSLPBN:00/input/input1
[    8.871290] ACPI: Sleep Button [SLPF]
[    8.884714] ACPI: Battery Slot [BAT0] (battery present)
[    8.897451] GHES: HEST is not enabled!
[    8.907635] Serial: 8250/16550 driver, 32 ports, IRQ sharing enabled
[    8.971357] 00:02: ttyS0 at I/O 0x3f8 (irq = 4, base_baud = 115200) is a 16550A
[    8.993777] Linux agpgart interface v0.103
[    9.016112] loop: module loaded
[    9.029861] scsi host0: ata_piix
[    9.038957] scsi host1: ata_piix
[    9.046755] ata1: PATA max UDMA/33 cmd 0x1f0 ctl 0x3f6 bmdma 0xd000 irq 14
[    9.062195] ata2: PATA max UDMA/33 cmd 0x170 ctl 0x376 bmdma 0xd008 irq 15
[    9.083330] libphy: Fixed MDIO Bus: probed
[    9.093108] tun: Universal TUN/TAP device driver, 1.6
[    9.104878] tun: (C) 1999-2004 Max Krasnyansky <maxk@qualcomm.com>
[    9.118346] PPP generic driver version 2.4.2
[    9.129445] ehci_hcd: USB 2.0 'Enhanced' Host Controller (EHCI) Driver
[    9.144456] ehci-pci: EHCI PCI platform driver
[    9.154702] ehci-platform: EHCI generic platform driver
[    9.169274] ohci_hcd: USB 1.1 'Open' Host Controller (OHCI) Driver
[    9.186499] ohci-pci: OHCI PCI platform driver
[    9.196795] ohci-platform: OHCI generic platform driver
[    9.209313] uhci_hcd: USB Universal Host Controller Interface driver
[    9.224244] i8042: PNP: PS/2 Controller [PNP0303:PS2K,PNP0f03:PS2M] at 0x60,0x64 irq 1,12
[    9.356094] serio: i8042 KBD port at 0x60,0x64 irq 1
[    9.367366] serio: i8042 AUX port at 0x60,0x64 irq 12
[    9.380070] mousedev: PS/2 mouse device common for all mice
[    9.396241] input: AT Translated Set 2 keyboard as /devices/platform/i8042/serio0/input/input2
[    9.419138] rtc_cmos rtc_cmos: rtc core: registered rtc_cmos as rtc0
[    9.435129] rtc_cmos rtc_cmos: alarms up to one day, 114 bytes nvram
[    9.452523] i2c /dev entries driver
[    9.462856] device-mapper: uevent: version 1.0.3
[    9.475623] device-mapper: ioctl: 4.34.0-ioctl (2015-10-28) initialised: dm-devel@redhat.com
[    9.498679] ledtrig-cpu: registered to indicate activity on CPUs
[    9.521402] NET: Registered protocol family 10
[    9.536354] NET: Registered protocol family 17
[    9.549586] Key type dns_resolver registered
[    9.564329] registered taskstats version 1
[    9.577443] Loading compiled-in X.509 certificates
[    9.593984] Loaded X.509 cert 'Build time autogenerated kernel key: cf00e047681d67edb2720680708b7d9498083038'
[    9.622712] zswap: loaded using pool lzo/zbud
[    9.648766] Key type trusted registered
[    9.679311] Key type encrypted registered
[    9.691179] AppArmor: AppArmor sha1 policy hashing enabled
[    9.706455] ima: No TPM chip found, activating TPM-bypass!
[    9.722408] ima: Allocated hash algorithm: sha1
[    9.734501] evm: HMAC attrs: 0x1
[    9.747210]   Magic number: 1:619:960
[    9.758732] rtc_cmos rtc_cmos: setting system clock to 2025-11-02 00:57:17 UTC (1762045037)
[    9.779613] BIOS EDD facility v0.16 2004-Jun-25, 0 devices found
[    9.794631] EDD information not available.
[    9.811687] Freeing unused kernel memory: 1492K
[    9.823324] Write protecting the kernel read-only data: 14336k
[    9.840718] Freeing unused kernel memory: 1584K
[    9.852932] Freeing unused kernel memory: 52K
Loading, please wait...
starting version 229
[    9.923513] random: systemd-udevd: uninitialized urandom read (16 bytes read, 12 bits of entropy available)
[    9.949689] random: udevadm: uninitialized urandom read (16 bytes read, 12 bits of entropy available)
[    9.972704] random: systemd-udevd: uninitialized urandom read (16 bytes read, 12 bits of entropy available)
[    9.995296] random: udevadm: uninitialized urandom read (16 bytes read, 12 bits of entropy available)
[   10.016332] random: systemd-udevd: uninitialized urandom read (16 bytes read, 12 bits of entropy available)
[   10.066373] random: systemd-udevd: uninitialized urandom read (16 bytes read, 12 bits of entropy available)
[   10.095738] random: udevadm: uninitialized urandom read (16 bytes read, 12 bits of entropy available)
[   10.117691] random: systemd-udevd: uninitialized urandom read (16 bytes read, 12 bits of entropy available)
[   10.139112] random: udevadm: uninitialized urandom read (16 bytes read, 12 bits of entropy available)
[   10.159251] random: systemd-udevd: uninitialized urandom read (16 bytes read, 12 bits of entropy available)
[   10.460387] Fusion MPT base driver 3.04.20
[   10.470235] Copyright (c) 1999-2008 LSI Corporation
[   10.530893] e1000: Intel(R) PRO/1000 Network Driver - version 7.3.21-k8-NAPI
[   10.546851] e1000: Copyright (c) 1999-2006 Intel Corporation.
[   10.667567] SSE version of gcm_enc/dec engaged.
[   10.717514] Fusion MPT SPI Host driver 3.04.20
[   10.996830] input: ImExPS/2 Generic Explorer Mouse as /devices/platform/i8042/serio1/input/input4
[   12.209066] e1000 0000:00:03.0 eth0: (PCI:33MHz:32-bit) 02:be:82:6b:cc:1d
[   12.223477] e1000 0000:00:03.0 eth0: Intel(R) PRO/1000 Network Connection
[   12.240738] mptbase: ioc0: Initiating bringup
[   12.330777] ioc0: LSI53C1030 A0: Capabilities={Initiator}
[   12.537550] scsi host2: ioc0: LSI53C1030 A0, FwRev=00000000h, Ports=1, MaxQ=256, IRQ=20
[   12.668145] scsi 2:0:0:0: Direct-Access     VBOX     HARDDISK         1.0  PQ: 0 ANSI: 5
[   12.685134] scsi target2:0:0: Beginning Domain Validation
[   12.708344] scsi target2:0:0: Domain Validation skipping write tests
[   12.720147] scsi target2:0:0: Ending Domain Validation
[   12.756680] scsi target2:0:0: asynchronous
[   12.819818] scsi 2:0:1:0: Direct-Access     VBOX     HARDDISK         1.0  PQ: 0 ANSI: 5
[   12.859450] scsi target2:0:1: Beginning Domain Validation
[   12.999045] scsi target2:0:1: Domain Validation skipping write tests
[   13.012863] scsi target2:0:1: Ending Domain Validation
[   13.052735] scsi target2:0:1: asynchronous
[   13.357784] sd 2:0:0:0: Attached scsi generic sg0 type 0
[   13.369881] sd 2:0:0:0: [sda] 83886080 512-byte logical blocks: (42.9 GB/40.0 GiB)
[   13.405771] sd 2:0:1:0: [sdb] 20480 512-byte logical blocks: (10.5 MB/10.0 MiB)
[   13.422173] sd 2:0:1:0: Attached scsi generic sg1 type 0
[   13.436667] sd 2:0:0:0: [sda] Write Protect is off
[   13.468249] sd 2:0:0:0: [sda] Incomplete mode parameter data
[   13.482732] sd 2:0:0:0: [sda] Assuming drive cache: write through
[   13.496650] sd 2:0:1:0: [sdb] Write Protect is off
[   13.527404] sd 2:0:1:0: [sdb] Incomplete mode parameter data
[   13.540993] sd 2:0:1:0: [sdb] Assuming drive cache: write through
[   13.600813]  sda: sda1
[   13.662509] sd 2:0:1:0: [sdb] Attached SCSI disk
[   13.676168] sd 2:0:0:0: [sda] Attached SCSI disk
[   14.435750] e1000 0000:00:08.0 eth1: (PCI:33MHz:32-bit) 08:00:27:b3:8b:cf
[   14.470144] e1000 0000:00:08.0 eth1: Intel(R) PRO/1000 Network Connection
[   14.519092] e1000 0000:00:08.0 enp0s8: renamed from eth1
[   14.542657] e1000 0000:00:03.0 enp0s3: renamed from eth0
Begin: Loading essential drivers ... [   17.225477] md: linear personality registered for level -1
[   17.247291] md: multipath personality registered for level -4
[   17.269503] md: raid0 personality registered for level 0
[   17.309489] md: raid1 personality registered for level 1
[   17.402364] raid6: sse2x1   gen()  3754 MB/s
[   17.486255] raid6: sse2x1   xor()  2558 MB/s
[   17.570432] raid6: sse2x2   gen()  4605 MB/s
[   17.654337] raid6: sse2x2   xor()  3173 MB/s
[   17.738358] raid6: sse2x4   gen()  5370 MB/s
[   17.822224] raid6: sse2x4   xor()   838 MB/s
[   17.921496] raid6: using algorithm sse2x4 gen() 5370 MB/s
[   18.023173] raid6: .... xor() 838 MB/s, rmw enabled
[   18.075093] raid6: using ssse3x2 recovery algorithm
[   18.103366] xor: measuring software checksum speed
[   18.222359]    prefetch64-sse: 13876.000 MB/sec
[   18.334313]    generic_sse: 16385.000 MB/sec
[   18.346299] xor: using function: generic_sse (16385.000 MB/sec)
[   18.364604] async_tx: api initialized (async)
[   18.471228] md: raid6 personality registered for level 6
[   18.482973] md: raid5 personality registered for level 5
[   18.494663] md: raid4 personality registered for level 4
[   18.549425] md: raid10 personality registered for level 10
done.
Begin: Running /scripts/init-premount ... done.
Begin: Mounting root file system ... Begin: Running /scripts/local-top ... done.
Begin: Running /scripts/local-premount ... [   18.820545] Btrfs loaded
Scanning for Btrfs filesystems
done.
Warning: fsck not present, so skipping root file system
[   18.961653] EXT4-fs (sda1): mounted filesystem with ordered data mode. Opts: (null)
done.
Begin: Running /scripts/local-bottom ... done.
Begin: Running /scripts/init-bottom ... done.
[   19.127634] random: nonblocking pool is initialized
[   19.473490] systemd[1]: systemd 229 running in system mode. (+PAM +AUDIT +SELINUX +IMA +APPARMOR +SMACK +SYSVINIT +UTMP +LIBCRYPTSETUP +GCRYPT +GNUTLS +ACL +XZ -LZ4 +SECCOMP +BLKID +ELFUTILS +KMOD -IDN)
[   19.516485] systemd[1]: Detected virtualization oracle.
[   19.528585] systemd[1]: Detected architecture x86-64.

Welcome to [1mUbuntu 16.04.7 LTS[0m!

[   19.568419] systemd[1]: Set hostname to <ubuntu>.
[   19.596410] systemd[1]: Initializing machine ID from random generator.
[   19.611617] systemd[1]: Installed transient /etc/machine-id file.
[   20.209777] systemd[1]: Listening on LVM2 metadata daemon socket.
[[0;32m  OK  [0m] Listening on LVM2 metadata daemon socket.
[   20.238542] systemd[1]: Started Forward Password Requests to Wall Directory Watch.
[[0;32m  OK  [0m] Started Forward Password Requests to Wall Directory Watch.
[   20.269999] systemd[1]: Listening on /dev/initctl Compatibility Named Pipe.
[[0;32m  OK  [0m] Listening on /dev/initctl Compatibility Named Pipe.
[   20.301203] systemd[1]: Reached target User and Group Name Lookups.
[[0;32m  OK  [0m] Reached target User and Group Name Lookups.
[   20.330849] systemd[1]: Started Trigger resolvconf update for networkd DNS.
[[0;32m  OK  [0m] Started Trigger resolvconf update for networkd DNS.
[   20.363500] systemd[1]: Reached target Encrypted Volumes.
[[0;32m  OK  [0m] Reached target Encrypted Volumes.
[   20.391505] systemd[1]: Listening on Journal Socket.
[[0;32m  OK  [0m] Listening on Journal Socket.
[   20.417476] systemd[1]: Listening on Journal Audit Socket.
[[0;32m  OK  [0m] Listening on Journal Audit Socket.
[   20.445944] systemd[1]: Created slice System Slice.
[[0;32m  OK  [0m] Created slice System Slice.
[   20.487875] systemd[1]: Mounting Debug File System...
         Mounting Debug File System...
[   20.555242] systemd[1]: Starting Load Kernel Modules...
         Starting Load Kernel Modules...
[   20.613633] systemd[1]: Mounting Huge Pages File System...
         Mounting Huge Pages File System...
[   20.709165] systemd[1]: Starting Create list of required static device nodes for the current kernel...
[   20.731631] Loading iSCSI transport class v2.0-870.
         Starting Create list of required st... nodes for the current kernel...
[   20.777783] systemd[1]: Starting Nameserver information manager...
[   20.816161] iscsi: registered transport (tcp)
         Starting Nameserver information manager...
[   20.848457] systemd[1]: Starting Uncomplicated firewall...
         Starting Uncomplicated firewall...
[   20.926451] systemd[1]: Created slice system-serial\x2dgetty.slice.
[[0;32m  OK  [0m] Created slice system-serial\x2dgetty.slice.
[   20.980671] systemd[1]: Starting Set console keymap...
         Starting Set console keymap...
[   21.043353] systemd[1]: Listening on udev Control Socket.
[[0;32m  OK  [0m] Listening on udev Control Socket.
[   21.101668] systemd[1]: Listening on Device-mapper event daemon FIFOs.
[[0;32m  OK  [0m] Listening on Device-mapper event daemon FIFOs.
[   21.168395] systemd[1]: Listening on Syslog Socket.
[[0;32m  OK  [0m] Listening on Syslog Socket.
[   21.222477] systemd[1]: Reached target Swap.
[   21.232906] iscsi: registered transport (iser)
[[0;32m  OK  [0m] Reached target Swap.
[   21.273813] systemd[1]: Listening on Journal Socket (/dev/log).
[[0;32m  OK  [0m] Listening on Journal Socket (/dev/log).
[   21.329231] systemd[1]: Starting Journal Service...
         Starting Journal Service...
[   21.378791] systemd[1]: Listening on fsck to fsckd communication Socket.
[[0;32m  OK  [0m] Listening on fsck to fsckd communication Socket.
[   21.431252] systemd[1]: Starting File System Check on Root Device...
         Starting File System Check on Root Device...
[   21.479792] systemd[1]: Listening on udev Kernel Socket.
[[0;32m  OK  [0m] Listening on udev Kernel Socket.
[   21.521847] systemd[1]: Set up automount Arbitrary Executable File Formats File System Automount Point.
[[0;32m  OK  [0m] Set up automount Arbitrary Executab...ats File System Automount Point.
[   21.568539] systemd[1]: Created slice User and Session Slice.
[[0;32m  OK  [0m] Created slice User and Session Slice.
[   21.596538] systemd[1]: Reached target Slices.
[[0;32m  OK  [0m] Reached target Slices.
[   21.620002] systemd[1]: Listening on LVM2 poll daemon socket.
[[0;32m  OK  [0m] Listening on LVM2 poll daemon socket.
[   21.655798] systemd[1]: Starting Monitoring of LVM2 mirrors, snapshots etc. using dmeventd or progress polling...
         Starting Monitoring of LVM2 mirrors... dmeventd or progress polling...
[   21.749938] systemd[1]: Mounting POSIX Message Queue File System...
         Mounting POSIX Message Queue File System...
[   21.817783] systemd[1]: Reached target System Time Synchronized.
[[0;32m  OK  [0m] Reached target System Time Synchronized.
[   21.865482] systemd[1]: Mounted Huge Pages File System.
[[0;32m  OK  [0m] Mounted Huge Pages File System.
[   21.905278] systemd[1]: Mounted POSIX Message Queue File System.
[[0;32m  OK  [0m] Mounted POSIX Message Queue File System.
[   21.936740] systemd[1]: Mounted Debug File System.
[[0;32m  OK  [0m] Mounted Debug File System.
[   21.963971] systemd[1]: Started Journal Service.
[[0;32m  OK  [0m] Started Journal Service.
[[0;32m  OK  [0m] Started Load Kernel Modules.
[[0;32m  OK  [0m] Started Create list of required sta...ce nodes for the current kernel.
[[0;32m  OK  [0m] Started Uncomplicated firewall.
[[0;32m  OK  [0m] Started Set console keymap.
[[0;32m  OK  [0m] Started File System Check on Root Device.
[[0;32m  OK  [0m] Started Nameserver information manager.
[[0;32m  OK  [0m] Started LVM2 metadata daemon.
[[0;32m  OK  [0m] Started File System Check Daemon to report status.
         Starting Remount Root and Kernel File Systems...
         [   22.319592] EXT4-fs (sda1): re-mounted. Opts: (null)
Starting Create Static Device Nodes in /dev...
         Starting Apply Kernel Variables...
         Mounting FUSE Control File System...
[[0;32m  OK  [0m] Mounted FUSE Control File System.
[[0;32m  OK  [0m] Started Remount Root and Kernel File Systems.
[[0;32m  OK  [0m] Started Create Static Device Nodes in /dev.
[[0;32m  OK  [0m] Started Apply Kernel Variables.
         Starting udev Kernel Device Manager...
         Starting Load/Save Random Seed...
         Starting udev Coldplug all Devices...
         Starting Flush Journal to Persistent Storage...
[[0;32m  OK  [0m] Started Monitoring of LVM2 mirrors,...ng dmeventd or progress polling.
[[0;32m  OK  [0m] Started Load/Save Random Seed.
[[0;32m  OK  [0m] Reached target Local File Systems (Pre).
[[0;32m  OK  [0m] Reached target Local File Systems.
         Starting Tell Plymouth To Write Out Runtime Data...
         Starting LSB: AppArmor initialization...
         Starting Commit a transient machine-id on disk...
         Starting Set console font and keymap...
         Starting Initial cloud-init job (pre-networking)...
[[0;32m  OK  [0m] Started udev Kernel Device Manager.
[[0;32m  OK  [0m] Started Flush Journal to Persistent Storage.
[[0;32m  OK  [0m] Started Tell Plymouth To Write Out Runtime Data.
[[0;32m  OK  [0m] Started Commit a transient machine-id on disk.
         Starting Create Volatile Files and Directories...
[[0;32m  OK  [0m] Started Create Volatile Files and Directories.
         Starting Update UTMP about System Boot/Shutdown...
[[0;32m  OK  [0m] Started Update UTMP about System Boot/Shutdown.
[[0;32m  OK  [0m] Started udev Coldplug all Devices.
[[0;32m  OK  [0m] Started Dispatch Password Requests to Console Directory Watch.
[[0;32m  OK  [0m] Found device /dev/ttyS0.
[[0;32m  OK  [0m] Listening on Load/Save RF Kill Switch Status /dev/rfkill Watch.
[   28.341219] cloud-init[499]: [[0;32m  OK  [0m] Started Initial cloud-init job (pre-networking).Cloud-init v. 21.1-19-gbad84ad4-0ubuntu1~16.04.2 running 'init-local' at Sun, 02 Nov 2025 00:57:38 +0000. Up 25.49 seconds.
[[0;32m  OK  [0m] Reached target Network (Pre).

[[0;32m  OK  [0m] Started LSB: AppArmor initialization.
         Starting Load AppArmor profiles managed internally by snapd...
         Starting Raise network interfaces...
[[0;32m  OK  [0m] Started Load AppArmor profiles managed internally by snapd.
[[0;32m  OK  [0m] Started Set console font and keymap.
[[0;32m  OK  [0m] Created slice system-getty.slice.
[[0;32m  OK  [0m] Started Raise network interfaces.
         Starting Initial cloud-init job (metadata service crawler)...
[[0;32m  OK  [0m] Reached target Network.
[   35.774665] cloud-init[979]: Cloud-init v. 21.1-19-gbad84ad4-0ubuntu1~16.04.2 running 'init' at Sun, 02 Nov 2025 00:57:46 +0000. Up 33.50 seconds.
[   35.837722] cloud-init[979]: ci-info: ++++++++++++++++++++++++++++++++++++++Net device info+++++++++++++++++++++++++++++++++++++++
[   35.900771] cloud-init[979]: ci-info: +--------+-------+----------------------------+---------------+--------+-------------------+
[   35.955536] cloud-init[979]: ci-info: | Device |   Up  |          Address           |      Mask     | Scope  |     Hw-Address    |
[   36.010716] cloud-init[979]: ci-info: +--------+-------+----------------------------+---------------+--------+-------------------+
[   36.091005] cloud-init[979]: [ci-info: | enp0s3 |  True |         10.0.2.15          | 255.255.255.0 | global | 02:be:82:6b:cc:1d |[0;32m  OK  [0m] Started Initial cloud-init job (metadata service crawler).

[[   36.146790] cloud-init[979]: [0;32m  OK  [0mci-info: | enp0s3 |  True | fe80::be:82ff:fe6b:cc1d/64 |       .       |  link  | 02:be:82:6b:cc:1d |] Reached target Network is Online.

[   36.177269] cloud-init         Starting iSCSI initiator daemon (iscsid)...[979]: 
[[0;32m  OK  [0mci-info: | enp0s8 | False |             .              |       .       |   .    | 08:00:27:b3:8b:cf |] Reached target System Initialization.

[[0;32m  OK  [0m] [   36.270081] Listening on UUID daemon activation socket.cloud-init
[[979]: [0;32m  OK  [0mci-info: |   lo   |  True |         127.0.0.1          |   255.0.0.0   |  host  |         .         |] Listening on D-Bus System Message Bus Socket.
         
[   36.343985] Starting LXD - unix socket.
[cloud-init[0;32m  OK  [0m[979]: ] ci-info: |   lo   |  True |          ::1/128           |       .       |  host  |         .         |Listening on ACPID Listen Socket.
         
Starting Socket activation for snappy daemon.[   36.419710] cloud-init
[979]: ci-info: +--------+-------+----------------------------+---------------+--------+-------------------+
[[   36.446785] [0;32m  OK  [0mcloud-init[979]: ] Started ACPI Events Check.ci-info: +++++++++++++++++++++++++++Route IPv4 info++++++++++++++++++++++++++++
[
[0;32m  OK  [0m] [   36.481744] Reached target Paths.cloud-init[979]: 
[ci-info: +-------+-------------+----------+---------------+-----------+-------+[0;32m  OK  [0m
[   36.513592] cloud-init] Started Ubuntu Advantage update messaging.[979]: ci-info: | Route | Destination | Gateway  |    Genmask    | Interface | Flags |
[[0;32m  OK  [0m] 
[   36.548750] Started Message of the Day.cloud-init
[[979]: ci-info: +-------+-------------+----------+---------------+-----------+-------+[0;32m  OK  [0m] Started Daily Cleanup of Temporary Directories.
[   36.581468] 
[cloud-init[979]: [0;32m  OK  [0mci-info: |   0   |   0.0.0.0   | 10.0.2.2 |    0.0.0.0    |   enp0s3  |   UG  |] Started Daily apt download activities.
[   36.611503] 
[[0;32m  OK  [0mcloud-init[979]: ] Started Daily apt upgrade and clean activities.ci-info: |   1   |   10.0.2.0  | 0.0.0.0  | 255.255.255.0 |   enp0s3  |   U   |
[
[   36.643217] [0;32m  OK  [0m] Reached target Timers.cloud-init[979]: 
[ci-info: +-------+-------------+----------+---------------+-----------+-------+[0;32m  OK  [0m] Reached target Cloud-config availability.
[   36.678096] cloud-init[979]: 
ci-info: +++++++++++++++++++Route IPv6 info+++++++++++++++++++[[0;32m  OK  [0m] Listening on LXD - unix socket.

[   36.745246] [[0;32m  OK  [0m] Listening on Socket activation for snappy daemon.cloud-init[979]: 
[ci-info: +-------+-------------+---------+-----------+-------+[0;32m  OK  [0m] Started iSCSI initiator daemon (iscsid).
[   36.811451] 
         cloud-init[979]: ci-info: | Route | Destination | Gateway | Interface | Flags |Starting Login to default iSCSI targets...

[[0;32m  OK  [0m[   36.868089] cloud-init] Reached target Sockets.[979]: ci-info: +-------+-------------+---------+-----------+-------+
[[0;32m  OK  [0m
[   36.899841] ] Reached target Basic System.cloud-init[979]: 
         ci-info: |   0   |  fe80::/64  |    ::   |   enp0s3  |   U   |Starting /etc/rc.local Compatibility...

         Starting Login Service...[   36.968187] 
         Starting LSB: MD monitoring daemon...cloud-init[979]: 
[[0;32m  OK  [0m] Started D-Bus System Message Bus.ci-info: |   3   |   ff00::/8  |    ::   |   enp0s3  |   U   |

[   37.168244] cloud-init[979]: ci-info: +-------+-------------+---------+-----------+-------+
[   37.227286] cloud-init[979]: Generating public/private rsa key pair.
[   37.310422] cloud-init[979]: Your identification has been saved in /etc/ssh/ssh_host_rsa_key.
[[0;32m  OK  [0m[   37.369269] ] Started Regular background program processing daemon.cloud-init
         [979]: Starting Pollinate to seed the pseudo random number generator...
         Your public key has been saved in /etc/ssh/ssh_host_rsa_key.pub.Starting System Logging Service...
[[0;32m  OK  [0m] Started FUSE filesystem for LXC.

[[0;32m  OK  [0m] Started ACPI event daemon.
         [   37.745051] Starting LSB: Record successful boot for GRUB...
[[0;32m  OK  [0m] Started Deferred execution scheduler.
         Starting Accounts Service...
         Starting Virtualbox guest utils...
cloud-init         Starting Snap Daemon...
         Starting LXD - container startup/shutdown...
[979]: [[0;32m  OK  [0m] Started /etc/rc.local Compatibility.
[[0;32m  OK  [0mThe key fingerprint is:] Started System Logging Service.
[[0;32m  OK  [0m
] Started Login Service.
[[0;32m  OK  [0m] Started Unattended Upgrades Shutdown.[   38.391835] 
cloud-init[979]: SHA256:pUG5DkSw5flOrr0L7ee62aFX5wl8ytNHxxd0ByO6IdE root@ubuntu-xenial[[0;32m  OK  [0m] Started Login to default iSCSI targets.
[[0;32m  OK  [0m
] Reached target Remote File Systems (Pre).
[[0;32m  OK  [0m] Reached target Remote File Systems.
         [   38.848038] Starting LSB: daemon to balance interrupts for SMP systems...
         Starting LSB: Set the CPU Frequency Scaling governor to "ondemand"...
         Starting Permit User Sessions...
         Starting LSB: automatic crash report generation...
cloud-init[[0;32m  OK  [0m] Started LSB: MD monitoring daemon.
[979]: [[0;32m  OK  [0m] Started Permit User Sessions.The key's randomart image is:
         Starting Hold until boot process finishes up...
         Starting Terminate Plymouth Boot Screen...

[   39.481633] [[0;32m  OK  [0m] Started Terminate Plymouth Boot Screen.
cloud-init[[0;32m  OK  [0m] Started LSB: Record successful boot for GRUB.[979]: 
[[0;32m  OK  [0m] Started Hold until boot process finishes up.
+---[RSA 2048]----+         Starting Set console scheme...
[[0;32m  OK  [0m] Started Getty on tty1.
[[0;32m  OK  [0m
] Started Serial Getty on ttyS0.
[[0;32m  OK  [0m] Reached target Login Prompts.
[[0;32m  OK  [0m] Started Set console scheme.
[[0;32m  OK  [0m] [   39.925948] Started LSB: Set the CPU Frequency Scaling governor to "ondemand".
cloud-init[979]: |    .oo oo  . o. |
         Starting Authenticate and Authorize Users to Run Privileged Tasks...
[[   40.417486] [0;32m  OK  [0m] Started LSB: daemon to balance interrupts for SMP systems.
cloud-init[979]: |     +.o..E. . oo|
[   40.733879] cloud-init[979]: |    ..o o.+   . o|[[0;32m  OK  [0m] Started Authenticate and Authorize Users to Run Privileged Tasks.

[[0;32m  OK  [0m] Started LSB: automatic crash report generation.
[   41.089438] [[0;32m  OK  [0m] Started Accounts Service.
cloud-init[979]: |      ...= o   . |
[   41.769868] cloud-init[979]: |       oS ..   ..|
[   41.929385] cloud-init[979]: |       =.   + o =|[
[0;32m  OK  [0m] Started LXD - container startup/shutdown.
[   42.205001] cloud-init[979]: |      . + .o B oo|
[   42.368403] cloud-init[979]: |       = +o.+ + .|
[   42.560824] cloud-init[979]: |      . XOo  . . |
[   42.739095] cloud-init[979]: +----[SHA256]-----+
[   43.003201] cloud-init[979]: Generating public/private dsa key pair.
[   43.203089] cloud-init[[0;32m  OK  [0m] Started Virtualbox guest utils.
[979]: Your identification has been saved in /etc/ssh/ssh_host_dsa_key.
[   43.377546] cloud-init[979]: Your public key has been saved in /etc/ssh/ssh_host_dsa_key.pub.
[   43.543507] cloud-init[979]: The key fingerprint is:
[   43.640758] cloud-init[979]: SHA256:SK55DP6mBCJjGNfVpy//ZcYBOVLJTLMfo121VDFz/z8 root@ubuntu-xenial
[   43.840523] cloud-init[979]: The key's randomart image is:
[   43.951073] cloud-init[979]: +---[DSA 1024]----+
[   44.081481] [[0;32m  OK  [0m] cloud-initStarted Pollinate to seed the pseudo random number generator.[979]: 
|      ..   ++. =*|         
[   44.231479] Starting OpenBSD Secure Shell server...
cloud-init[979]: |   . .  . ..++. B|
[   44.378430] cloud-init[979]: |. . . .  o. = o.o|
[   44.543110] cloud-init[979]: [[0;32m  OK  [0m] |.o   o ..  . * +.|Started OpenBSD Secure Shell server.

[   44.684633] cloud-init[979]: |=.. . o S.  . + .|
[   44.877309] cloud-init[979]: |oo o =  . .  . ..|
[   45.033259] cloud-init[979]: |    = o  o    =E.|
[   45.092444] cloud-init[979]: |   . o.   .  +  .|
[   45.147781] cloud-init[979]: |    .o.    ..    |
[   45.200690] cloud-init[979]: +----[SHA256]-----+
[   45.349735] cloud-init[979]: Generating public/private ecdsa key pair.
[   45.398228] cloud-init[979]: Your identification has been saved in /etc/ssh/ssh_host_ecdsa_key.
[   45.511215] cloud-init[979]: Your public key has been saved in /etc/ssh/ssh_host_ecdsa_key.pub.
[   45.625173] cloud-init[979]: The key fingerprint is:
[   45.712866] cloud-init[979]: SHA256:rioUjYH0T9W7l0Vglh8Slm7bf2JmXmcQ+u5YlYl2SSI root@ubuntu-xenial
[   45.777714] cloud-init[979]: The key's randomart image is:
[   45.889312] cloud-init[979]: 
+---[ECDSA 256]---+
Ub[   46.117833] ucloud-initn[979]: tu|.o     ..  *=    | 1
6[   46.264868] .04cloud-init.7[979]: |. o   .  .++ o   | L
[   46.420169] cloud-initTS [979]: ubuntu-xenial|   = .    oE+.o. | 
ttyS0[   46.549322] 

cloud-init[979]: |  o +    . o.++.+|ubuntu-xenial 
login: [   46.701231] cloud-init[979]: |   . .  S o *o.=.|
[   46.800986] cloud-init[979]: |  .    . . +.o.o |
[   46.921938] cloud-init[979]: | .      . .   + +|
[   47.012926] cloud-init[979]: |  .    .     +=+o|
[   47.100434] cloud-init[979]: |   ....     .*+..|
[   47.169891] cloud-init[979]: +----[SHA256]-----+
[   47.249350] cloud-init[979]: Generating public/private ed25519 key pair.
[   47.311179] cloud-init[979]: Your identification has been saved in /etc/ssh/ssh_host_ed25519_key.
[   47.393455] cloud-init[979]: Your public key has been saved in /etc/ssh/ssh_host_ed25519_key.pub.
[   47.449059] cloud-init[979]: The key fingerprint is:
[   47.556310] cloud-init[979]: SHA256:SG8GxdGhfF0TmYM3OTfNvvgyi8VZ/BqZzY/Q2HlWjPI root@ubuntu-xenial
[   47.635579] cloud-init[979]: The key's randomart image is:
[   47.729067] cloud-init[979]: +--[ED25519 256]--+
[   47.822099] cloud-init[979]: |       .oo.. .+*.|
[   47.934360] cloud-init[979]: |       o......Oo+|
[   48.047813] cloud-init[979]: |      o o . .. *.|
[   48.135352] cloud-init[979]: |     . + .    .o.|
[   48.195053] cloud-init[979]: |      . S   . oo+|
[   48.257364] cloud-init[979]: |       o    .BoBo|
[   48.381609] cloud-init[979]: |            o+E *|
[   48.452272] cloud-init[979]: |            o+ B.|
[   48.503401] cloud-init[979]: |           . .* .|
[   48.565121] cloud-init[979]: +----[SHA256]-----+
[   66.489405] cloud-init[1856]: Generating locales (this might take a while)...
[   71.160242] cloud-init[1856]:   en_US.UTF-8... done
[   71.181931] cloud-init[1856]: Generation complete.
[   72.089408] cloud-init[1856]: Cloud-init v. 21.1-19-gbad84ad4-0ubuntu1~16.04.2 running 'modules:config' at Sun, 02 Nov 2025 00:58:18 +0000. Up 65.79 seconds.
ci-info: no authorized SSH keys fingerprints found for user ubuntu.
<14>Nov  2 00:58:26 ec2: 
<14>Nov  2 00:58:26 ec2: #############################################################
<14>Nov  2 00:58:26 ec2: -----BEGIN SSH HOST KEY FINGERPRINTS-----
<14>Nov  2 00:58:26 ec2: 1024 SHA256:SK55DP6mBCJjGNfVpy//ZcYBOVLJTLMfo121VDFz/z8 root@ubuntu-xenial (DSA)
<14>Nov  2 00:58:26 ec2: 256 SHA256:rioUjYH0T9W7l0Vglh8Slm7bf2JmXmcQ+u5YlYl2SSI root@ubuntu-xenial (ECDSA)
<14>Nov  2 00:58:26 ec2: 256 SHA256:SG8GxdGhfF0TmYM3OTfNvvgyi8VZ/BqZzY/Q2HlWjPI root@ubuntu-xenial (ED25519)
<14>Nov  2 00:58:26 ec2: 2048 SHA256:pUG5DkSw5flOrr0L7ee62aFX5wl8ytNHxxd0ByO6IdE root@ubuntu-xenial (RSA)
<14>Nov  2 00:58:26 ec2: -----END SSH HOST KEY FINGERPRINTS-----
<14>Nov  2 00:58:26 ec2: #############################################################
-----BEGIN SSH HOST KEY KEYS-----
ecdsa-sha2-nistp256 AAAAE2VjZHNhLXNoYTItbmlzdHAyNTYAAAAIbmlzdHAyNTYAAABBBLzMTYwyTNL1ujpb4uq6Vi19WVJ6Vi53UKqVkl86dUiWD1nwl9r+x4wxUWqgVEsaftr1JO+GxYoPUZOV2vb/M7s= root@ubuntu-xenial
ssh-ed25519 AAAAC3NzaC1lZDI1NTE5AAAAINgfEzyfqQTSZX9mYHN7VHOKnD27TyEGmd2icH4mGHIr root@ubuntu-xenial
ssh-rsa AAAAB3NzaC1yc2EAAAADAQABAAABAQDVPhdrPddPLlA3z+82+LviBht8GY6RTas1UVP/ItZYGwYvrdhKyW4phuivgr31uT8decky2vC33dO7vXBIwTrQBGgJPTOGsTnzt527vQvQabX1fXPyjUlesa2326Z9lbj2ptIWObDjNwFqchZLNQkrC2uM/mIeIq3A9I2G2gmBNoiC8EcAjxQXSnbdx3HYmYp/MGvRyW/7nwBOw384uV+vGtSmZ6rQdUysYRfxCm0ZUd/PiOS23qzRyw4mw+cpwAbKTrvD5NKlMPzFyyDEnYxe2wDaFKeMIz4TDe+GrX9pNWDVFJFe+bBXTaK6HHKBnFgbh5B4lP43v0Yy7jT4e4fH root@ubuntu-xenial
-----END SSH HOST KEY KEYS-----
[   73.794721] cloud-init[2099]: Cloud-init v. 21.1-19-gbad84ad4-0ubuntu1~16.04.2 running 'modules:final' at Sun, 02 Nov 2025 00:58:25 +0000. Up 73.26 seconds.
[   73.836943] cloud-init[2099]: ci-info: no authorized SSH keys fingerprints found for user ubuntu.
[   73.889014] cloud-init[2099]: Cloud-init v. 21.1-19-gbad84ad4-0ubuntu1~16.04.2 finished at Sun, 02 Nov 2025 00:58:26 +0000. Datasource DataSourceNoCloud [seed=/de[[0;32m  OK  [0m] Stopped Unattended Upgrades Shutdown.
[[0;32m  OK  [0m] Stopped target Cloud-init target.
[[0;32m  OK  [0m] Stopped target Graphical Interface.
         Stopping Accounts Service...
[[0;32m  OK  [0m] Closed Load/Save RF Kill Switch Status /dev/rfkill Watch.
         Sto[[0;32m  OK  [0m] Stopped Unattended Upgrades Shutdown.
         Unmounting /run/user/1000...
[[0;32m  OK  [0m] Stopped target Cloud-init target.
         Stopping Session 6 of user vagrant.
         Stopping Authenticate and Authorize Users to Run Privileged Tasks...
[[0;32m  OK  [0m] Stopped target Graphical Interface.
         Stopping Accounts Service...
         Stopping ACPI event daemon...
         Unmounting /var/lib/lxcfs...
         Stopping User Manager for UID 1000...
[[0;32m  OK  [0m] Stopped Execute cloud user/final scripts.
[[0;32m  OK  [0m] Stopped target Multi-User System.
         Stopping Regular background program processing daemon...
         Stopping LXD - container startup/shutdown...
         Stopping Virtualbox guest utils...
         Stopping System Logging Service...
         Stopping OpenBSD Secure Shell server...
         Stopping FUSE filesystem for LXC...
         Stopping Deferred execution scheduler...
         Stopping LSB: automatic crash report generation...
         Stopping LSB: Record successful boot for GRUB...
         Stopping LSB: MD monitoring daemon...
         Stopping D-Bus System Message Bus...
[[0;32m  OK  [0m] Stopped target Login Prompts.
         Stopping Serial Getty on ttyS0...
         Stopping Getty on tty1...
         Stopping LSB: Set the CPU Frequency Scaling governor to "ondemand"...
         Stopping LSB: daemon to balance interrupts for SMP systems...
[[0;32m  OK  [0m] Stopped Apply the settings specified in cloud-config.
[[0;32m  OK  [0m] Stopped target Cloud-config availability.
[[0;32m  OK  [0m] Stopped Wait until snapd is fully seeded.
[[0;32m  OK  [0m] Closed Load/Save RF Kill Switch Status /dev/rfkill Watch.
[[0;32m  OK  [0m] Stopped target Timers.
[[0;32m  OK  [0m] Stopped Daily apt upgrade and clean activities.
[[0;32m  OK  [0m] Stopped Daily apt download activities.
[[0;32m  OK  [0m] Stopped Daily Cleanup of Temporary Directories.
[[0;32m  OK  [0m] Stopped Ubuntu Advantage update messaging.
[[0;32m  OK  [0m] Stopped Message of the Day.
[[0;32m  OK  [0m] Stopped target System Time Synchronized.
[[0;32m  OK  [0m] Stopped Deferred execution scheduler.
[[0;32m  OK  [0m] Stopped ACPI event daemon.
[[0;32m  OK  [0m] Stopped System Logging Service.
[[0;32m  OK  [0m] Stopped Accounts Service.
[[0;32m  OK  [0m] Stopped Regular background program processing daemon.
[[0;32m  OK  [0m] Stopped Authenticate and Authorize Users to Run Privileged Tasks.
[[0;32m  OK  [0m] Stopped Serial Getty on ttyS0.
[[0;32m  OK  [0m] Stopped Getty on tty1.
[[0;32m  OK  [0m] Stopped OpenBSD Secure Shell server.
[[0;32m  OK  [0m] Stopped User Manager for UID 1000.
[[0;1;31mFAILED[0m] Failed unmounting /run/user/1000.
[[0;32m  OK  [0m] Stopped Session 6 of user vagrant.
[[0;32m  OK  [0m] Unmounted /var/lib/lxcfs.
[[0;32m  OK  [0m] Stopped D-Bus System Message Bus.
[[0;32m  OK  [0m] Stopped FUSE filesystem for LXC.
[[0;32m  OK  [0m] Stopped LXD - container startup/shutdown.
[[0;32m  OK  [0m] Removed slice User Slice of vagrant.
         Stopping Login Service...
[[0;32m  OK  [0m] Removed slice system-getty.slice.
[[0;32m  OK  [0m] Removed slice system-serial\x2dgetty.slice.
[[0;32m  OK  [0m] Stopped /etc/rc.local Compatibility.
         Stopping Permit User Sessions...
[[0;32m  OK  [0m] Stopped Login Service.
[[0;32m  OK  [0m] Stopped Virtualbox guest utils.
[[0;32m  OK  [0m] Stopped LSB: automatic crash report generation.
[[0;32m  OK  [0m] Stopped LSB: Record successful boot for GRUB.
[[0;32m  OK  [0m] Stopped LSB: MD monitoring daemon.
[[0;32m  OK  [0m] Stopped LSB: Set the CPU Frequency Scaling governor to "ondemand".
[[0;32m  OK  [0m] Stopped LSB: daemon to balance interrupts for SMP systems.
[[0;32m  OK  [0m] Stopped Permit User Sessions.
[[0;32m  OK  [0m] Stopped target Remote File Systems.
         Unmounting /vagrant...
[[0;32m  OK  [0m] Stopped target User and Group Name Lookups.
[[0;32m  OK  [0m] Stopped target Basic System.
[[0;32m  OK  [0m] Stopped target Sockets.
[[0;32m  OK  [0m] Closed Socket activation for snappy daemon.
[[0;32m  OK  [0m] Closed LXD - unix socket.
[[0;32m  OK  [0m] Closed ACPID Listen Socket.
[[0;32m  OK  [0m] Closed UUID daemon activation socket.
[[0;32m  OK  [0m] Closed Syslog Socket.
[[0;32m  OK  [0m] Stopped target Slices.
[[0;32m  OK  [0m] Stopped target Paths.
[[0;32m  OK  [0m] Stopped ACPI Events Check.
[[0;32m  OK  [0m] Stopped Dispatch Password Requests to Console Directory Watch.
[[0;32m  OK  [0m] Stopped Forward Password Requests to Wall Directory Watch.
[[0;32m  OK  [0m] Removed slice User and Session Slice.
[[0;32m  OK  [0m] Closed D-Bus System Message Bus Socket.
[[0;32m  OK  [0m] Stopped target System Initialization.
         Stopping Update UTMP about System Boot/Shutdown...
         Stopping Load/Save Random Seed...
[[0;32m  OK  [0m] Stopped target Encrypted Volumes.
[[0;32m  OK  [0m] Stopped Commit a transient machine-id on disk.
[[0;32m  OK  [0m] Stopped target Swap.
[[0;32m  OK  [0m] Unmounted /vagrant.
[[0;32m  OK  [0m] Stopped Load/Save Random Seed.
[[0;32m  OK  [0m] Stopped Update UTMP about System Boot/Shutdown.
[[0;32m  OK  [0m] Stopped Create Volatile Files and Directories.
[[0;32m  OK  [0m] Reached target Unmount All Filesystems.
[[0;32m  OK  [0m] Stopped target Local File Systems (Pre).
[[0;32m  OK  [0m] Stopped Create Static Device Nodes in /dev.
         Stopping Monitoring of LVM2 mirrors... dmeventd or progress polling...
[[0;32m  OK  [0m] Stopped target Remote File Systems (Pre).
         Stopping Login to default iSCSI targets...
[[0;32m  OK  [0m] Stopped Monitoring of LVM2 mirrors,...ng dmeventd or progress polling.
         Stopping LVM2 metadata daemon...
[[0;32m  OK  [0m] Stopped LVM2 metadata daemon.
[[0;32m  OK  [0m] Stopped Login to default iSCSI targets.
         Stopping iSCSI initiator daemon (iscsid)...
[[0;32m  OK  [0m] Stopped iSCSI initiator daemon (iscsid).
[[0;32m  OK  [0m] Stopped target Network is Online.
[[0;32m  OK  [0m] Stopped Initial cloud-init job (metadata service crawler).
[[0;32m  OK  [0m] Stopped target Network.
         Stopping Raise network interfaces...
[[0;32m  OK  [0m] Stopped Raise network interfaces.
[[0;32m  OK  [0m] Stopped target Network (Pre).
[[0;32m  OK  [0m] Stopped Initial cloud-init job (pre-networking).
[[0;32m  OK  [0m] Stopped Remount Root and Kernel File Systems.
[[0;32m  OK  [0m] Stopped Apply Kernel Variables.
[[0;32m  OK  [0m] Stopped Load Kernel Modules.
[[0;32m  OK  [0m] Reached target Shutdown.
[ 2451.550033] reboot: Power down
